[2025-09-12 00:43:45] [SILLY]: [Auth]-[Middleware]-[RequestAuth]: No token
[2025-09-12 00:44:00] [SILLY]: [Token]-[Service]-[hashPassword]: Password hashed successfully
[2025-09-12 00:44:00] [SILLY]: [User]-[Service]-[registerUser]: Registering user (jemocew201@dextrago.com)
[2025-09-12 00:44:00] [SILLY]: [User]-[Repository]-[findUserByEmail]: Finding user by email (jemocew201@dextrago.com)
[2025-09-12 00:44:02] [SILLY]: [User]-[Service]-[registerUser]: User already exists (jemocew201@dextrago.com)
[2025-09-12 00:44:02] [SILLY]: [User]-[Controller]-[Register]: Error occurred - Error: User already exists
[2025-09-12 00:44:34] [SILLY]: [Auth]-[Service]-[loginUser]: Logging in user (jemocew201@dextrago.com)
[2025-09-12 00:44:34] [SILLY]: [User]-[Repository]-[findUserByEmail]: Finding user by email (jemocew201@dextrago.com)
[2025-09-12 00:44:35] [SILLY]: [Auth]-[Service]-[loginUser]: Invalid password (jemocew201@dextrago.com)
[2025-09-12 00:44:35] [SILLY]: [Auth]-[Controller]-[Login]:: Error occurred - Error: Invalid password
[2025-09-12 00:44:50] [SILLY]: [Auth]-[Service]-[loginUser]: Logging in user (jemocew201@dextrago.com)
[2025-09-12 00:44:50] [SILLY]: [User]-[Repository]-[findUserByEmail]: Finding user by email (jemocew201@dextrago.com)
[2025-09-12 00:44:51] [SILLY]: [Auth]-[Service]-[loginUser]: Invalid password (jemocew201@dextrago.com)
[2025-09-12 00:44:51] [SILLY]: [Auth]-[Controller]-[Login]:: Error occurred - Error: Invalid password
[2025-09-12 00:44:57] [SILLY]: [Auth]-[Service]-[loginUser]: Logging in user (jemocew201@dextrago.com)
[2025-09-12 00:44:57] [SILLY]: [User]-[Repository]-[findUserByEmail]: Finding user by email (jemocew201@dextrago.com)
[2025-09-12 00:44:57] [SILLY]: [Auth]-[Service]-[loginUser]: Invalid password (jemocew201@dextrago.com)
[2025-09-12 00:44:57] [SILLY]: [Auth]-[Controller]-[Login]:: Error occurred - Error: Invalid password
[2025-09-12 00:45:51] [SILLY]: [Token]-[Service]-[hashPassword]: Password hashed successfully
[2025-09-12 00:45:51] [SILLY]: [User]-[Service]-[registerUser]: Registering user (pacide7004@dextrago.com)
[2025-09-12 00:45:51] [SILLY]: [User]-[Repository]-[findUserByEmail]: Finding user by email (pacide7004@dextrago.com)
[2025-09-12 00:45:51] [SILLY]: [User]-[Service]-[registerUser]: User registered successfully (pacide7004@dextrago.com)
[2025-09-12 00:45:51] [SILLY]: [User]-[Repository]-[createUser]: Creating user (pacide7004@dextrago.com)
[2025-09-12 00:45:52] [SILLY]: [User]-[Controller]-[Register]: User created in DB (pacide7004@dextrago.com)
[2025-09-12 00:45:52] [SILLY]: [Token]-[Service]-[generateTokens]: Generating tokens for user (pacide7004@dextrago.com)
[2025-09-12 00:45:52] [SILLY]: [Token]-[Service]-[generateTokens]: Tokens generated successfully for user (pacide7004@dextrago.com)
[2025-09-12 00:45:52] [SILLY]: [Token]-[Service]-[generateTokens]: Refresh token generated successfully for user (pacide7004@dextrago.com)
[2025-09-12 00:45:52] [SILLY]: [User]-[Controller]-[Register]:Tokens created (eyJhbGciOiJIUzI1NiIsInR5cCI6IkpXVCJ9.eyJpZCI6NiwiZW1haWwiOiJwYWNpZGU3MDA0QGRleHRyYWdvLmNvbSIsImlhdCI6MTc1NzYyNzE1MiwiZXhwIjoxNzU3NzEzNTUyfQ.UTTzgot4ELFgFVA1CQaG3LvhcfOG1wFkbxGG4HbqHHM,eyJhbGciOiJIUzI1NiIsInR5cCI6IkpXVCJ9.eyJpZCI6NiwiZW1haWwiOiJwYWNpZGU3MDA0QGRleHRyYWdvLmNvbSIsImlhdCI6MTc1NzYyNzE1MiwiZXhwIjoxNzU4MjMxOTUyfQ.YmxmtzMA1rUNd44gxyOA5s8bm_116jYiba4ibXZbhiI)
[2025-09-12 00:45:52] [SILLY]: [User]-[Service]-[updateUser]: Updating user (6)
[2025-09-12 00:45:52] [SILLY]: [User]-[Repository]-[findUserById]: Finding user by id (6)
[2025-09-12 00:45:52] [SILLY]: [User]-[Service]-[updateUser]: User found (6)
[2025-09-12 00:45:52] [SILLY]: [User]-[Repository]-[updateUser]: Updating user (6)
[2025-09-12 00:45:52] [SILLY]: [User]-[Repository]-[findUserByEmail]: Finding user by email (pacide7004@dextrago.com)
[2025-09-12 00:45:55] [SILLY]: [Auth]-[Service]-[sendEmail]: Sending email to (pacide7004@dextrago.com)
[2025-09-12 00:45:55] [SILLY]: [User]-[Controller]-[Register]: Verification email sent (pacide7004@dextrago.com)
[2025-09-12 00:45:55] [SILLY]: [User]-[Controller]-[Register]: User registered successfully (pacide7004@dextrago.com)
[2025-09-12 00:46:40] [SILLY]: [Auth]-[Service]-[loginUser]: Logging in user (pacide7004@dextrago.com)
[2025-09-12 00:46:40] [SILLY]: [User]-[Repository]-[findUserByEmail]: Finding user by email (pacide7004@dextrago.com)
[2025-09-12 00:46:40] [SILLY]: [Auth]-[Service]-[loginUser]: Invalid password (pacide7004@dextrago.com)
[2025-09-12 00:46:40] [SILLY]: [Auth]-[Controller]-[Login]:: Error occurred - Error: Invalid password
[2025-09-12 00:50:21] [SILLY]: [Auth]-[Service]-[loginUser]: Logging in user (admin@example.com)
[2025-09-12 00:50:21] [SILLY]: [User]-[Repository]-[findUserByEmail]: Finding user by email (admin@example.com)
[2025-09-12 00:50:22] [SILLY]: [Token]-[Service]-[generateTokens]: Generating tokens for user (admin@example.com)
[2025-09-12 00:50:22] [SILLY]: [Token]-[Service]-[generateTokens]: Tokens generated successfully for user (admin@example.com)
[2025-09-12 00:50:22] [SILLY]: [Token]-[Service]-[generateTokens]: Refresh token generated successfully for user (admin@example.com)
[2025-09-12 00:50:22] [SILLY]: [User]-[Service]-[updateUser]: Updating user (1)
[2025-09-12 00:50:22] [SILLY]: [User]-[Repository]-[findUserById]: Finding user by id (1)
[2025-09-12 00:50:23] [SILLY]: [User]-[Service]-[updateUser]: User found (1)
[2025-09-12 00:50:23] [SILLY]: [User]-[Repository]-[updateUser]: Updating user (1)
[2025-09-12 00:50:23] [SILLY]: [Auth]-[Controller]-[Login]: User logged in successfully (admin@example.com)
[2025-09-12 01:06:19] [SILLY]: [Token]-[Service]-[hashPassword]: Password hashed successfully
[2025-09-12 01:06:19] [SILLY]: [User]-[Service]-[registerUser]: Registering user (yoneni2385@dextrago.com)
[2025-09-12 01:06:19] [SILLY]: [User]-[Repository]-[findUserByEmail]: Finding user by email (yoneni2385@dextrago.com)
[2025-09-12 01:06:21] [SILLY]: [User]-[Service]-[registerUser]: User registered successfully (yoneni2385@dextrago.com)
[2025-09-12 01:06:21] [SILLY]: [User]-[Repository]-[createUser]: Creating user (yoneni2385@dextrago.com)
[2025-09-12 01:06:21] [SILLY]: [User]-[Controller]-[Register]: User created in DB (yoneni2385@dextrago.com)
[2025-09-12 01:06:21] [SILLY]: [Token]-[Service]-[generateTokens]: Generating tokens for user (yoneni2385@dextrago.com)
[2025-09-12 01:06:21] [SILLY]: [Token]-[Service]-[generateTokens]: Tokens generated successfully for user (yoneni2385@dextrago.com)
[2025-09-12 01:06:21] [SILLY]: [Token]-[Service]-[generateTokens]: Refresh token generated successfully for user (yoneni2385@dextrago.com)
[2025-09-12 01:06:21] [SILLY]: [User]-[Controller]-[Register]:Tokens created (eyJhbGciOiJIUzI1NiIsInR5cCI6IkpXVCJ9.eyJpZCI6NywiZW1haWwiOiJ5b25lbmkyMzg1QGRleHRyYWdvLmNvbSIsImlhdCI6MTc1NzYyODM4MSwiZXhwIjoxNzU3NzE0NzgxfQ.lk_Fzs-RClm87dA-mU1mOPe9RIjKFkAipdghsF_Nu2c,eyJhbGciOiJIUzI1NiIsInR5cCI6IkpXVCJ9.eyJpZCI6NywiZW1haWwiOiJ5b25lbmkyMzg1QGRleHRyYWdvLmNvbSIsImlhdCI6MTc1NzYyODM4MSwiZXhwIjoxNzU4MjMzMTgxfQ.wqPIxAn0Mt3YARh_fkqKoU2NuSHmyZYAavdkfsQ4LFw)
[2025-09-12 01:06:21] [SILLY]: [User]-[Service]-[updateUser]: Updating user (7)
[2025-09-12 01:06:21] [SILLY]: [User]-[Repository]-[findUserById]: Finding user by id (7)
[2025-09-12 01:06:21] [SILLY]: [User]-[Service]-[updateUser]: User found (7)
[2025-09-12 01:06:21] [SILLY]: [User]-[Repository]-[updateUser]: Updating user (7)
[2025-09-12 01:06:22] [SILLY]: [User]-[Repository]-[findUserByEmail]: Finding user by email (yoneni2385@dextrago.com)
[2025-09-12 01:06:24] [SILLY]: [Auth]-[Service]-[sendEmail]: Sending email to (yoneni2385@dextrago.com)
[2025-09-12 01:06:24] [SILLY]: [User]-[Controller]-[Register]: Verification email sent (yoneni2385@dextrago.com)
[2025-09-12 01:06:24] [SILLY]: [User]-[Controller]-[Register]: User registered successfully (yoneni2385@dextrago.com)
[2025-09-12 01:09:29] [SILLY]: [Token]-[Service]-[hashPassword]: Password hashed successfully
[2025-09-12 01:09:29] [SILLY]: [User]-[Service]-[registerUser]: Registering user (utz15891@toaik.com)
[2025-09-12 01:09:29] [SILLY]: [User]-[Repository]-[findUserByEmail]: Finding user by email (utz15891@toaik.com)
[2025-09-12 01:09:31] [SILLY]: [User]-[Service]-[registerUser]: User registered successfully (utz15891@toaik.com)
[2025-09-12 01:09:31] [SILLY]: [User]-[Repository]-[createUser]: Creating user (utz15891@toaik.com)
[2025-09-12 01:09:31] [SILLY]: [User]-[Controller]-[Register]: User created in DB (utz15891@toaik.com)
[2025-09-12 01:09:31] [SILLY]: [Token]-[Service]-[generateTokens]: Generating tokens for user (utz15891@toaik.com)
[2025-09-12 01:09:31] [SILLY]: [Token]-[Service]-[generateTokens]: Tokens generated successfully for user (utz15891@toaik.com)
[2025-09-12 01:09:31] [SILLY]: [Token]-[Service]-[generateTokens]: Refresh token generated successfully for user (utz15891@toaik.com)
[2025-09-12 01:09:31] [SILLY]: [User]-[Controller]-[Register]:Tokens created (eyJhbGciOiJIUzI1NiIsInR5cCI6IkpXVCJ9.eyJpZCI6OCwiZW1haWwiOiJ1dHoxNTg5MUB0b2Fpay5jb20iLCJpYXQiOjE3NTc2Mjg1NzEsImV4cCI6MTc1NzcxNDk3MX0.2-SXPGncPqp1dFYb7_aXAYPkUID_hYy1_0Ve_gcLCb8,eyJhbGciOiJIUzI1NiIsInR5cCI6IkpXVCJ9.eyJpZCI6OCwiZW1haWwiOiJ1dHoxNTg5MUB0b2Fpay5jb20iLCJpYXQiOjE3NTc2Mjg1NzEsImV4cCI6MTc1ODIzMzM3MX0.KnQ7n_vgfaRxHALSb8MLG7tM452eZG3yc9KlkI_Ogc8)
[2025-09-12 01:09:31] [SILLY]: [User]-[Service]-[updateUser]: Updating user (8)
[2025-09-12 01:09:31] [SILLY]: [User]-[Repository]-[findUserById]: Finding user by id (8)
[2025-09-12 01:09:31] [SILLY]: [User]-[Service]-[updateUser]: User found (8)
[2025-09-12 01:09:31] [SILLY]: [User]-[Repository]-[updateUser]: Updating user (8)
[2025-09-12 01:09:32] [SILLY]: [User]-[Repository]-[findUserByEmail]: Finding user by email (utz15891@toaik.com)
[2025-09-12 01:09:34] [SILLY]: [Auth]-[Service]-[sendEmail]: Sending email to (utz15891@toaik.com)
[2025-09-12 01:09:34] [SILLY]: [User]-[Controller]-[Register]: Verification email sent (utz15891@toaik.com)
[2025-09-12 01:09:34] [SILLY]: [User]-[Controller]-[Register]: User registered successfully (utz15891@toaik.com)
[2025-09-12 01:11:18] [SILLY]: [User]-[Repository]-[findUserById]: Finding user by id (8)
[2025-09-12 01:11:18] [SILLY]: [User]-[Repository]-[updateUser]: Updating user (8)
[2025-09-12 01:11:18] [SILLY]: [Auth]-[Service]-[verifyEmail]: Email verified successfully for user (utz15891@toaik.com)
[2025-09-12 01:11:19] [SILLY]: Request: GET /favicon.ico - IP: ::1
[2025-09-12 01:16:25] [SILLY]: [Auth]-[Service]-[loginUser]: Logging in user (admin@example.com)
[2025-09-12 01:16:25] [SILLY]: [User]-[Repository]-[findUserByEmail]: Finding user by email (admin@example.com)
[2025-09-12 01:16:26] [SILLY]: [Token]-[Service]-[generateTokens]: Generating tokens for user (admin@example.com)
[2025-09-12 01:16:26] [SILLY]: [Token]-[Service]-[generateTokens]: Tokens generated successfully for user (admin@example.com)
[2025-09-12 01:16:26] [SILLY]: [Token]-[Service]-[generateTokens]: Refresh token generated successfully for user (admin@example.com)
[2025-09-12 01:16:26] [SILLY]: [User]-[Service]-[updateUser]: Updating user (1)
[2025-09-12 01:16:26] [SILLY]: [User]-[Repository]-[findUserById]: Finding user by id (1)
[2025-09-12 01:16:26] [SILLY]: [User]-[Service]-[updateUser]: User found (1)
[2025-09-12 01:16:26] [SILLY]: [User]-[Repository]-[updateUser]: Updating user (1)
[2025-09-12 01:16:27] [SILLY]: [Auth]-[Controller]-[Login]: User logged in successfully (admin@example.com)
[2025-09-12 01:16:41] [SILLY]: [Auth]-[Middleware]-[RequestAuth]: Token verified successfully
[2025-09-12 01:16:41] [SILLY]: [User]-[Service]-[getAllUsers]: Fetching all users
[2025-09-12 01:16:41] [SILLY]: [User]-[Repository]-[findAllUsers]: Finding all users
[2025-09-12 01:16:42] [SILLY]: [User]-[Controller]-[GetAllUsers]: All users retrieved successfully
[2025-09-12 01:21:13] [SILLY]: [Auth]-[Middleware]-[RequestAuth]: Token verified successfully
[2025-09-12 01:21:23] [SILLY]: [Auth]-[Middleware]-[RequestAuth]: Token verified successfully
[2025-09-12 01:21:23] [SILLY]: [User]-[Service]-[getAllUsers]: Fetching all users
[2025-09-12 01:21:23] [SILLY]: [User]-[Repository]-[findAllUsers]: Finding all users
[2025-09-12 01:21:23] [SILLY]: [User]-[Controller]-[GetAllUsers]: All users retrieved successfully
[2025-09-12 01:22:14] [SILLY]: [Auth]-[Middleware]-[RequestAuth]: Token verified successfully
[2025-09-12 01:22:14] [SILLY]: [User]-[Service]-[getAllUsers]: Fetching all users
[2025-09-12 01:22:14] [SILLY]: [User]-[Repository]-[findAllUsers]: Finding all users
[2025-09-12 01:22:15] [SILLY]: [User]-[Controller]-[GetAllUsers]: All users retrieved successfully
[2025-09-12 01:22:26] [SILLY]: [Auth]-[Middleware]-[RequestAuth]: Token verified successfully
[2025-09-12 01:22:26] [SILLY]: [User]-[Service]-[getAllUsers]: Fetching all users
[2025-09-12 01:22:26] [SILLY]: [User]-[Repository]-[findAllUsers]: Finding all users
[2025-09-12 01:22:27] [SILLY]: [User]-[Controller]-[GetAllUsers]: All users retrieved successfully
[2025-09-12 01:33:01] [SILLY]: [Auth]-[Middleware]-[RequestAuth]: Token verified successfully
[2025-09-12 01:33:01] [SILLY]: [User]-[Service]-[getAllUsers]: Fetching all users
[2025-09-12 01:33:01] [SILLY]: [User]-[Repository]-[findAllUsers]: Finding all users
[2025-09-12 01:33:03] [SILLY]: [User]-[Controller]-[GetAllUsers]: All users retrieved successfully
[2025-09-12 01:36:47] [SILLY]: [Auth]-[Middleware]-[RequestAuth]: Token verified successfully
[2025-09-12 01:36:47] [SILLY]: [User]-[Service]-[getAllUsers]: Fetching all users
[2025-09-12 01:36:47] [SILLY]: [User]-[Repository]-[findAllUsers]: Finding all users
[2025-09-12 01:36:48] [SILLY]: [User]-[Controller]-[GetAllUsers]: All users retrieved successfully
[2025-09-12 01:36:53] [SILLY]: [Auth]-[Middleware]-[RequestAuth]: Token verified successfully
[2025-09-12 01:36:53] [SILLY]: [User]-[Service]-[getAllUsers]: Fetching all users
[2025-09-12 01:36:53] [SILLY]: [User]-[Repository]-[findAllUsers]: Finding all users
[2025-09-12 01:36:53] [SILLY]: [User]-[Controller]-[GetAllUsers]: All users retrieved successfully
[2025-09-12 01:39:59] [SILLY]: [Auth]-[Middleware]-[RequestAuth]: Token verified successfully
[2025-09-12 01:39:59] [SILLY]: [User]-[Service]-[getAllUsers]: Fetching all users
[2025-09-12 01:39:59] [SILLY]: [User]-[Repository]-[findAllUsers]: Finding all users
[2025-09-12 01:40:00] [SILLY]: [User]-[Controller]-[GetAllUsers]: All users retrieved successfully
[2025-09-12 01:40:45] [SILLY]: [Auth]-[Middleware]-[RequestAuth]: Token verified successfully
[2025-09-12 01:40:45] [SILLY]: [User]-[Service]-[getAllUsers]: Fetching all users
[2025-09-12 01:40:45] [SILLY]: [User]-[Repository]-[findAllUsers]: Finding all users
[2025-09-12 01:40:45] [SILLY]: [User]-[Controller]-[GetAllUsers]: All users retrieved successfully
[2025-09-12 01:40:47] [SILLY]: [Auth]-[Middleware]-[RequestAuth]: Token verified successfully
[2025-09-12 01:40:47] [SILLY]: [User]-[Service]-[getAllUsers]: Fetching all users
[2025-09-12 01:40:47] [SILLY]: [User]-[Repository]-[findAllUsers]: Finding all users
[2025-09-12 01:40:47] [SILLY]: [User]-[Controller]-[GetAllUsers]: All users retrieved successfully
[2025-09-12 01:40:58] [SILLY]: [Auth]-[Middleware]-[RequestAuth]: Token verified successfully
[2025-09-12 01:40:58] [SILLY]: [User]-[Service]-[getAllUsers]: Fetching all users
[2025-09-12 01:40:58] [SILLY]: [User]-[Repository]-[findAllUsers]: Finding all users
[2025-09-12 01:40:59] [SILLY]: [User]-[Controller]-[GetAllUsers]: All users retrieved successfully
[2025-09-12 01:41:07] [SILLY]: [Auth]-[Middleware]-[RequestAuth]: Token verified successfully
[2025-09-12 01:41:07] [SILLY]: [User]-[Service]-[getAllUsers]: Fetching all users
[2025-09-12 01:41:07] [SILLY]: [User]-[Repository]-[findAllUsers]: Finding all users
[2025-09-12 01:41:07] [SILLY]: [User]-[Controller]-[GetAllUsers]: All users retrieved successfully
[2025-09-12 01:41:55] [SILLY]: [Auth]-[Middleware]-[RequestAuth]: Token verified successfully
[2025-09-12 01:41:55] [SILLY]: [User]-[Service]-[getAllUsers]: Fetching all users
[2025-09-12 01:41:55] [SILLY]: [User]-[Repository]-[findAllUsers]: Finding all users
[2025-09-12 01:41:57] [SILLY]: [User]-[Controller]-[GetAllUsers]: All users retrieved successfully
[2025-09-12 01:45:59] [SILLY]: [Auth]-[Middleware]-[RequestAuth]: Token verified successfully
[2025-09-12 01:45:59] [SILLY]: [User]-[Service]-[getAllUsers]: Fetching all users
[2025-09-12 01:45:59] [SILLY]: [User]-[Repository]-[findAllUsers]: Finding all users
[2025-09-12 01:46:00] [SILLY]: [User]-[Controller]-[GetAllUsers]: All users retrieved successfully
[2025-09-12 01:46:58] [SILLY]: [Auth]-[Service]-[loginUser]: Logging in user (admin@example.com)
[2025-09-12 01:46:58] [SILLY]: [User]-[Repository]-[findUserByEmail]: Finding user by email (admin@example.com)
[2025-09-12 01:46:59] [SILLY]: [Token]-[Service]-[generateTokens]: Generating tokens for user (admin@example.com)
[2025-09-12 01:46:59] [SILLY]: [Token]-[Service]-[generateTokens]: Tokens generated successfully for user (admin@example.com)
[2025-09-12 01:46:59] [SILLY]: [Token]-[Service]-[generateTokens]: Refresh token generated successfully for user (admin@example.com)
[2025-09-12 01:46:59] [SILLY]: [User]-[Service]-[updateUser]: Updating user (1)
[2025-09-12 01:46:59] [SILLY]: [User]-[Repository]-[findUserById]: Finding user by id (1)
[2025-09-12 01:47:00] [SILLY]: [User]-[Service]-[updateUser]: User found (1)
[2025-09-12 01:47:00] [SILLY]: [User]-[Repository]-[updateUser]: Updating user (1)
[2025-09-12 01:47:00] [SILLY]: [Auth]-[Controller]-[Login]: User logged in successfully (admin@example.com)
[2025-09-12 01:47:17] [SILLY]: [Auth]-[Middleware]-[RequestAuth]: Token verified successfully
[2025-09-12 01:47:17] [SILLY]: [User]-[Service]-[getAllUsers]: Fetching all users
[2025-09-12 01:47:17] [SILLY]: [User]-[Repository]-[findAllUsers]: Finding all users
[2025-09-12 01:47:18] [SILLY]: [User]-[Controller]-[GetAllUsers]: All users retrieved successfully
[2025-09-12 01:55:14] [SILLY]: [Auth]-[Middleware]-[RequestAuth]: Token verified successfully
[2025-09-12 01:55:14] [SILLY]: [User]-[Service]-[getAllUsers]: Fetching all users
[2025-09-12 01:55:14] [SILLY]: [User]-[Repository]-[findAllUsers]: Finding all users
[2025-09-12 01:55:16] [SILLY]: [User]-[Controller]-[GetAllUsers]: All users retrieved successfully
[2025-09-12 12:13:07] [SILLY]: Request: GET /users - IP: ::1
[2025-09-12 12:16:23] [SILLY]: [Auth]-[Middleware]-[RequestAuth]: No token
[2025-09-12 12:16:41] [SILLY]: [Auth]-[Service]-[loginUser]: Logging in user (admin@example.com)
[2025-09-12 12:16:41] [SILLY]: [User]-[Repository]-[findUserByEmail]: Finding user by email (admin@example.com)
[2025-09-12 12:16:43] [SILLY]: [Token]-[Service]-[generateTokens]: Generating tokens for user (admin@example.com)
[2025-09-12 12:16:43] [SILLY]: [Token]-[Service]-[generateTokens]: Tokens generated successfully for user (admin@example.com)
[2025-09-12 12:16:43] [SILLY]: [Token]-[Service]-[generateTokens]: Refresh token generated successfully for user (admin@example.com)
[2025-09-12 12:16:43] [SILLY]: [User]-[Service]-[updateUser]: Updating user (1)
[2025-09-12 12:16:43] [SILLY]: [User]-[Repository]-[findUserById]: Finding user by id (1)
[2025-09-12 12:16:43] [SILLY]: [User]-[Service]-[updateUser]: User found (1)
[2025-09-12 12:16:43] [SILLY]: [User]-[Repository]-[updateUser]: Updating user (1)
[2025-09-12 12:16:43] [SILLY]: [Auth]-[Controller]-[Login]: User logged in successfully (admin@example.com)
[2025-09-12 12:16:56] [SILLY]: [Auth]-[Middleware]-[RequestAuth]: Token verified successfully
[2025-09-12 12:16:56] [SILLY]: [User]-[Service]-[getAllUsers]: Fetching all users
[2025-09-12 12:16:56] [SILLY]: [User]-[Repository]-[findAllUsers]: Finding all users
[2025-09-12 12:16:56] [SILLY]: [User]-[Controller]-[GetAllUsers]: All users retrieved successfully
[2025-09-12 12:17:21] [SILLY]: [Auth]-[Middleware]-[RequestAuth]: Token verified successfully
[2025-09-12 12:17:21] [SILLY]: [User]-[Service]-[getUserById]: Fetching user (1)
[2025-09-12 12:17:21] [SILLY]: [User]-[Repository]-[findUserById]: Finding user by id (1)
[2025-09-12 12:17:22] [SILLY]: [User]-[Controller]-[GetUserProfile]: User profile retrieved successfully (1)
[2025-09-12 12:33:57] [SILLY]: [Auth]-[Middleware]-[RequestAuth]: Token verified successfully
[2025-09-12 12:33:57] [SILLY]: [User]-[Service]-[getAllUsers]: Fetching all users
[2025-09-12 12:33:57] [SILLY]: [User]-[Repository]-[findAllUsers]: Finding all users
[2025-09-12 12:33:59] [SILLY]: [User]-[Controller]-[GetAllUsers]: All users retrieved successfully
[2025-09-12 12:34:06] [SILLY]: [Auth]-[Middleware]-[RequestAuth]: Token verified successfully
[2025-09-12 12:34:06] [SILLY]: [User]-[Service]-[getUserById]: Fetching user (1)
[2025-09-12 12:34:06] [SILLY]: [User]-[Repository]-[findUserById]: Finding user by id (1)
[2025-09-12 12:34:07] [SILLY]: [User]-[Controller]-[GetUserProfile]: User profile retrieved successfully (1)
[2025-09-12 12:34:23] [SILLY]: [Auth]-[Middleware]-[RequestAuth]: Token verified successfully
[2025-09-12 12:42:39] [SILLY]: [Auth]-[Middleware]-[RequestAuth]: Token verified successfully
[2025-09-12 12:42:39] [SILLY]: [User]-[Service]-[getAllUsers]: Fetching all users
[2025-09-12 12:42:39] [SILLY]: [User]-[Repository]-[findAllUsers]: Finding all users
[2025-09-12 12:42:41] [SILLY]: [User]-[Controller]-[GetAllUsers]: All users retrieved successfully
[2025-09-12 12:42:56] [SILLY]: [Auth]-[Middleware]-[RequestAuth]: Token verified successfully
[2025-09-12 12:44:06] [SILLY]: [Auth]-[Service]-[loginUser]: Logging in user (admin@xample.com)
[2025-09-12 12:44:06] [SILLY]: [User]-[Repository]-[findUserByEmail]: Finding user by email (admin@xample.com)
[2025-09-12 12:44:07] [SILLY]: [Auth]-[Service]-[loginUser]: User not found (admin@xample.com)
[2025-09-12 12:44:07] [SILLY]: [Auth]-[Controller]-[Login]:: Error occurred - Error: user not found
[2025-09-12 12:44:15] [SILLY]: [Auth]-[Service]-[loginUser]: Logging in user (admin@example.com)
[2025-09-12 12:44:15] [SILLY]: [User]-[Repository]-[findUserByEmail]: Finding user by email (admin@example.com)
[2025-09-12 12:44:15] [SILLY]: [Token]-[Service]-[generateTokens]: Generating tokens for user (admin@example.com)
[2025-09-12 12:44:15] [SILLY]: [Token]-[Service]-[generateTokens]: Tokens generated successfully for user (admin@example.com)
[2025-09-12 12:44:15] [SILLY]: [Token]-[Service]-[generateTokens]: Refresh token generated successfully for user (admin@example.com)
[2025-09-12 12:44:15] [SILLY]: [User]-[Service]-[updateUser]: Updating user (1)
[2025-09-12 12:44:15] [SILLY]: [User]-[Repository]-[findUserById]: Finding user by id (1)
[2025-09-12 12:44:15] [SILLY]: [User]-[Service]-[updateUser]: User found (1)
[2025-09-12 12:44:15] [SILLY]: [User]-[Repository]-[updateUser]: Updating user (1)
[2025-09-12 12:44:16] [SILLY]: [Auth]-[Controller]-[Login]: User logged in successfully (admin@example.com)
[2025-09-12 12:44:30] [SILLY]: [Auth]-[Middleware]-[RequestAuth]: Token verified successfully
[2025-09-12 12:44:30] [SILLY]: [User]-[Service]-[getAllUsers]: Fetching all users
[2025-09-12 12:44:30] [SILLY]: [User]-[Repository]-[findAllUsers]: Finding all users
[2025-09-12 12:44:31] [SILLY]: [User]-[Controller]-[GetAllUsers]: All users retrieved successfully
[2025-09-12 12:49:32] [SILLY]: [Auth]-[Service]-[loginUser]: Logging in user (admin@example.com)
[2025-09-12 12:49:32] [SILLY]: [User]-[Repository]-[findUserByEmail]: Finding user by email (admin@example.com)
[2025-09-12 12:49:34] [SILLY]: [Token]-[Service]-[generateTokens]: Generating tokens for user (admin@example.com)
[2025-09-12 12:49:34] [SILLY]: [Token]-[Service]-[generateTokens]: Tokens generated successfully for user (admin@example.com)
[2025-09-12 12:49:34] [SILLY]: [Token]-[Service]-[generateTokens]: Refresh token generated successfully for user (admin@example.com)
[2025-09-12 12:49:34] [SILLY]: [User]-[Service]-[updateUser]: Updating user (1)
[2025-09-12 12:49:34] [SILLY]: [User]-[Repository]-[findUserById]: Finding user by id (1)
[2025-09-12 12:49:34] [SILLY]: [User]-[Service]-[updateUser]: User found (1)
[2025-09-12 12:49:34] [SILLY]: [User]-[Repository]-[updateUser]: Updating user (1)
[2025-09-12 12:49:34] [SILLY]: [Auth]-[Controller]-[Login]: User logged in successfully (admin@example.com)
[2025-09-12 12:50:08] [SILLY]: [Auth]-[Middleware]-[RequestAuth]: Token verified successfully
[2025-09-12 12:50:08] [SILLY]: [Token]-[Service]-[hashPassword]: Password hashed successfully
[2025-09-12 12:50:08] [SILLY]: [User]-[Service]-[updateUser]: Updating user (5)
[2025-09-12 12:50:08] [SILLY]: [User]-[Repository]-[findUserById]: Finding user by id (5)
[2025-09-12 12:50:09] [SILLY]: [User]-[Service]-[updateUser]: User found (5)
[2025-09-12 12:50:09] [SILLY]: [User]-[Repository]-[updateUser]: Updating user (5)
[2025-09-12 12:50:09] [SILLY]: [User]-[Controller]-[updateUserProfile]: User profile updated successfully (5)
[2025-09-12 12:50:41] [SILLY]: [Auth]-[Middleware]-[RequestAuth]: Token verified successfully
[2025-09-12 12:50:41] [SILLY]: [User]-[Service]-[deleteUser]: Deleting user (1)
[2025-09-12 12:50:41] [SILLY]: [User]-[Repository]-[findUserById]: Finding user by id (1)
[2025-09-12 12:50:41] [SILLY]: [User]-[Service]-[deleteUser]: User deleted successfully (1)
[2025-09-12 12:50:41] [SILLY]: [User]-[Repository]-[deleteUserById]: Deleting user by id (1)
[2025-09-12 12:50:42] [SILLY]: [User]-[Repository]-[deleteUserById]: Error deleting user by id (1) - PrismaClientKnownRequestError: 
Invalid `prisma.user.delete()` invocation:


Foreign key constraint violated on the constraint: `Customer_userId_fkey`
[2025-09-12 12:50:42] [SILLY]: [User]-[Controller]-[DeleteUserAccount]: User account deleted successfully (1)
[2025-09-12 12:56:38] [SILLY]: [Auth]-[Service]-[loginUser]: Logging in user (admin@example.com)
[2025-09-12 12:56:38] [SILLY]: [User]-[Repository]-[findUserByEmail]: Finding user by email (admin@example.com)
[2025-09-12 12:56:39] [SILLY]: [Token]-[Service]-[generateTokens]: Generating tokens for user (admin@example.com)
[2025-09-12 12:56:39] [SILLY]: [Token]-[Service]-[generateTokens]: Tokens generated successfully for user (admin@example.com)
[2025-09-12 12:56:39] [SILLY]: [Token]-[Service]-[generateTokens]: Refresh token generated successfully for user (admin@example.com)
[2025-09-12 12:56:39] [SILLY]: [User]-[Service]-[updateUser]: Updating user (1)
[2025-09-12 12:56:39] [SILLY]: [User]-[Repository]-[findUserById]: Finding user by id (1)
[2025-09-12 12:56:39] [SILLY]: [User]-[Service]-[updateUser]: User found (1)
[2025-09-12 12:56:39] [SILLY]: [User]-[Repository]-[updateUser]: Updating user (1)
[2025-09-12 12:56:40] [SILLY]: [Auth]-[Controller]-[Login]: User logged in successfully (admin@example.com)
[2025-09-12 12:56:59] [SILLY]: [Auth]-[Middleware]-[RequestAuth]: Token verified successfully
[2025-09-12 12:56:59] [SILLY]: [User]-[Service]-[deleteUser]: Deleting user (1)
[2025-09-12 12:56:59] [SILLY]: [User]-[Repository]-[findUserById]: Finding user by id (1)
[2025-09-12 12:56:59] [SILLY]: [User]-[Service]-[deleteUser]: User deleted successfully (1)
[2025-09-12 12:56:59] [SILLY]: [Customer]-[Repository]-[deleteAllCustomersByUserId]: Deleting all customers by user id (1)
[2025-09-12 12:56:59] [SILLY]: [Customer]-[Repository]-[deleteAllCustomersByUserId]: Error deleting all customers by user id (1) - PrismaClientKnownRequestError: 
Invalid `prisma.customer.deleteMany()` invocation:


Foreign key constraint violated on the constraint: `Transaction_customerId_fkey`
[2025-09-12 12:56:59] [SILLY]: [User]-[Repository]-[deleteUserById]: Deleting user by id (1)
[2025-09-12 12:57:00] [SILLY]: [User]-[Repository]-[deleteUserById]: Error deleting user by id (1) - PrismaClientKnownRequestError: 
Invalid `prisma.user.delete()` invocation:


Foreign key constraint violated on the constraint: `Customer_userId_fkey`
[2025-09-12 12:57:00] [SILLY]: [User]-[Controller]-[DeleteUserAccount]: User account deleted successfully (1)
[2025-09-12 13:00:11] [SILLY]: [User]-[Controller]-[DeleteUserAccount]: Unauthorized, Token missing
[2025-09-12 13:00:42] [SILLY]: [User]-[Controller]-[DeleteUserAccount]: Unauthorized, Token missing
[2025-09-12 13:02:35] [SILLY]: [Auth]-[Service]-[loginUser]: Logging in user (utz15891@toaik.com)
[2025-09-12 13:02:35] [SILLY]: [User]-[Repository]-[findUserByEmail]: Finding user by email (utz15891@toaik.com)
[2025-09-12 13:02:37] [SILLY]: [Auth]-[Service]-[loginUser]: Invalid password (utz15891@toaik.com)
[2025-09-12 13:02:37] [SILLY]: [Auth]-[Controller]-[Login]:: Error occurred - Error: Invalid password
[2025-09-12 13:03:17] [SILLY]: [Token]-[Service]-[hashPassword]: Password hashed successfully
[2025-09-12 13:03:17] [SILLY]: [User]-[Service]-[registerUser]: Registering user (cewep43340@dpwev.com)
[2025-09-12 13:03:17] [SILLY]: [User]-[Repository]-[findUserByEmail]: Finding user by email (cewep43340@dpwev.com)
[2025-09-12 13:03:18] [SILLY]: [User]-[Service]-[registerUser]: User registered successfully (cewep43340@dpwev.com)
[2025-09-12 13:03:18] [SILLY]: [User]-[Repository]-[createUser]: Creating user (cewep43340@dpwev.com)
[2025-09-12 13:03:18] [SILLY]: [User]-[Controller]-[Register]: User created in DB (cewep43340@dpwev.com)
[2025-09-12 13:03:18] [SILLY]: [Token]-[Service]-[generateTokens]: Generating tokens for user (cewep43340@dpwev.com)
[2025-09-12 13:03:18] [SILLY]: [Token]-[Service]-[generateTokens]: Tokens generated successfully for user (cewep43340@dpwev.com)
[2025-09-12 13:03:18] [SILLY]: [Token]-[Service]-[generateTokens]: Refresh token generated successfully for user (cewep43340@dpwev.com)
[2025-09-12 13:03:18] [SILLY]: [User]-[Controller]-[Register]:Tokens created (eyJhbGciOiJIUzI1NiIsInR5cCI6IkpXVCJ9.eyJpZCI6OSwiZW1haWwiOiJjZXdlcDQzMzQwQGRwd2V2LmNvbSIsImlhdCI6MTc1NzY3MTM5OCwiZXhwIjoxNzU3NzU3Nzk4fQ.2EH9g6pgipHLgINC11y6Sy4-5KzdDgYFwUtlzdUfmR0,eyJhbGciOiJIUzI1NiIsInR5cCI6IkpXVCJ9.eyJpZCI6OSwiZW1haWwiOiJjZXdlcDQzMzQwQGRwd2V2LmNvbSIsImlhdCI6MTc1NzY3MTM5OCwiZXhwIjoxNzU4Mjc2MTk4fQ.qimAxT48UCJ8exwiK7ickFy6IAPbeLhC-_gLhaZ4KZk)
[2025-09-12 13:03:18] [SILLY]: [User]-[Service]-[updateUser]: Updating user (9)
[2025-09-12 13:03:18] [SILLY]: [User]-[Repository]-[findUserById]: Finding user by id (9)
[2025-09-12 13:03:18] [SILLY]: [User]-[Service]-[updateUser]: User found (9)
[2025-09-12 13:03:18] [SILLY]: [User]-[Repository]-[updateUser]: Updating user (9)
[2025-09-12 13:03:19] [SILLY]: [User]-[Repository]-[findUserByEmail]: Finding user by email (cewep43340@dpwev.com)
[2025-09-12 13:03:21] [SILLY]: [Auth]-[Service]-[sendEmail]: Sending email to (cewep43340@dpwev.com)
[2025-09-12 13:03:21] [SILLY]: [User]-[Controller]-[Register]: Verification email sent (cewep43340@dpwev.com)
[2025-09-12 13:03:21] [SILLY]: [User]-[Controller]-[Register]: User registered successfully (cewep43340@dpwev.com)
[2025-09-12 13:03:39] [SILLY]: [Auth]-[Middleware]-[RequestAuth]: Token verified successfully
[2025-09-12 13:03:39] [SILLY]: [User]-[Service]-[getAllUsers]: Fetching all users
[2025-09-12 13:03:39] [SILLY]: [User]-[Repository]-[findAllUsers]: Finding all users
[2025-09-12 13:03:39] [SILLY]: [User]-[Controller]-[GetAllUsers]: All users retrieved successfully
[2025-09-12 13:04:08] [SILLY]: [Auth]-[Middleware]-[RequestAuth]: Token verified successfully
[2025-09-12 13:04:08] [SILLY]: [User]-[Service]-[deleteUser]: Deleting user (9)
[2025-09-12 13:04:08] [SILLY]: [User]-[Repository]-[findUserById]: Finding user by id (9)
[2025-09-12 13:04:08] [SILLY]: [User]-[Service]-[deleteUser]: User deleted successfully (9)
[2025-09-12 13:04:08] [SILLY]: [Customer]-[Repository]-[deleteAllCustomersByUserId]: Deleting all customers by user id (9)
[2025-09-12 13:04:08] [SILLY]: [User]-[Repository]-[deleteUserById]: Deleting user by id (9)
[2025-09-12 13:04:09] [SILLY]: [User]-[Controller]-[DeleteUserAccount]: User account deleted successfully (9)
[2025-09-12 13:08:13] [SILLY]: [Token]-[Service]-[hashPassword]: Password hashed successfully
[2025-09-12 13:08:13] [SILLY]: [User]-[Service]-[registerUser]: Registering user (cewep43340@dpwev.com)
[2025-09-12 13:08:13] [SILLY]: [User]-[Repository]-[findUserByEmail]: Finding user by email (cewep43340@dpwev.com)
[2025-09-12 13:08:15] [SILLY]: [User]-[Service]-[registerUser]: User registered successfully (cewep43340@dpwev.com)
[2025-09-12 13:08:15] [SILLY]: [User]-[Repository]-[createUser]: Creating user (cewep43340@dpwev.com)
[2025-09-12 13:08:15] [SILLY]: [User]-[Controller]-[Register]: User created in DB (cewep43340@dpwev.com)
[2025-09-12 13:08:15] [SILLY]: [Token]-[Service]-[generateTokens]: Generating tokens for user (cewep43340@dpwev.com)
[2025-09-12 13:08:15] [SILLY]: [Token]-[Service]-[generateTokens]: Tokens generated successfully for user (cewep43340@dpwev.com)
[2025-09-12 13:08:15] [SILLY]: [Token]-[Service]-[generateTokens]: Refresh token generated successfully for user (cewep43340@dpwev.com)
[2025-09-12 13:08:15] [SILLY]: [User]-[Controller]-[Register]:Tokens created (eyJhbGciOiJIUzI1NiIsInR5cCI6IkpXVCJ9.eyJpZCI6MTAsImVtYWlsIjoiY2V3ZXA0MzM0MEBkcHdldi5jb20iLCJpYXQiOjE3NTc2NzE2OTUsImV4cCI6MTc1Nzc1ODA5NX0.H72buGDIcSbMXoa7a-T3g7-RssuU-E87zhw2Vo1bq3k,eyJhbGciOiJIUzI1NiIsInR5cCI6IkpXVCJ9.eyJpZCI6MTAsImVtYWlsIjoiY2V3ZXA0MzM0MEBkcHdldi5jb20iLCJpYXQiOjE3NTc2NzE2OTUsImV4cCI6MTc1ODI3NjQ5NX0.2mZUQsmzdhppNRjapxqPnPdd-Wxg9GEL2fLd4sRbjak)
[2025-09-12 13:08:15] [SILLY]: [User]-[Service]-[updateUser]: Updating user (10)
[2025-09-12 13:08:15] [SILLY]: [User]-[Repository]-[findUserById]: Finding user by id (10)
[2025-09-12 13:08:15] [SILLY]: [User]-[Service]-[updateUser]: User found (10)
[2025-09-12 13:08:15] [SILLY]: [User]-[Repository]-[updateUser]: Updating user (10)
[2025-09-12 13:08:16] [SILLY]: [User]-[Repository]-[findUserByEmail]: Finding user by email (cewep43340@dpwev.com)
[2025-09-12 13:08:18] [SILLY]: [Auth]-[Service]-[sendEmail]: Sending email to (cewep43340@dpwev.com)
[2025-09-12 13:08:18] [SILLY]: [User]-[Controller]-[Register]: Verification email sent (cewep43340@dpwev.com)
[2025-09-12 13:08:18] [SILLY]: [User]-[Controller]-[Register]: User registered successfully (cewep43340@dpwev.com)
[2025-09-12 13:08:36] [SILLY]: [Auth]-[Middleware]-[RequestAuth]: Token verified successfully
[2025-09-12 13:08:36] [SILLY]: [User]-[Service]-[getAllUsers]: Fetching all users
[2025-09-12 13:08:36] [SILLY]: [User]-[Repository]-[findAllUsers]: Finding all users
[2025-09-12 13:08:37] [SILLY]: [User]-[Controller]-[GetAllUsers]: All users retrieved successfully
[2025-09-12 13:10:09] [SILLY]: [Auth]-[Service]-[loginUser]: Logging in user (cewep43340@dpwev.com)
[2025-09-12 13:10:09] [SILLY]: [User]-[Repository]-[findUserByEmail]: Finding user by email (cewep43340@dpwev.com)
[2025-09-12 13:10:10] [SILLY]: [Auth]-[Service]-[loginUser]: Invalid password (cewep43340@dpwev.com)
[2025-09-12 13:10:10] [SILLY]: [Auth]-[Controller]-[Login]:: Error occurred - Error: Invalid password
[2025-09-12 13:17:27] [SILLY]: [User]-[Service]-[registerUser]: Registering user (yogalo3043@ishense.com)
[2025-09-12 13:17:27] [SILLY]: [User]-[Repository]-[findUserByEmail]: Finding user by email (yogalo3043@ishense.com)
[2025-09-12 13:17:29] [SILLY]: [User]-[Service]-[registerUser]: User registered successfully (yogalo3043@ishense.com)
[2025-09-12 13:17:29] [SILLY]: [Token]-[Service]-[hashPassword]: Password hashed successfully
[2025-09-12 13:17:29] [SILLY]: [User]-[Repository]-[createUser]: Creating user (yogalo3043@ishense.com)
[2025-09-12 13:17:30] [SILLY]: [User]-[Controller]-[Register]: User created in DB (yogalo3043@ishense.com)
[2025-09-12 13:17:30] [SILLY]: [Token]-[Service]-[generateTokens]: Generating tokens for user (yogalo3043@ishense.com)
[2025-09-12 13:17:30] [SILLY]: [Token]-[Service]-[generateTokens]: Tokens generated successfully for user (yogalo3043@ishense.com)
[2025-09-12 13:17:30] [SILLY]: [Token]-[Service]-[generateTokens]: Refresh token generated successfully for user (yogalo3043@ishense.com)
[2025-09-12 13:17:30] [SILLY]: [User]-[Controller]-[Register]:Tokens created (eyJhbGciOiJIUzI1NiIsInR5cCI6IkpXVCJ9.eyJpZCI6MTEsImVtYWlsIjoieW9nYWxvMzA0M0Bpc2hlbnNlLmNvbSIsImlhdCI6MTc1NzY3MjI1MCwiZXhwIjoxNzU3NzU4NjUwfQ.TiZ0ALmAo2M0mM0sYx1bmCokxIRKyZfCGVhrI5yo7lo,eyJhbGciOiJIUzI1NiIsInR5cCI6IkpXVCJ9.eyJpZCI6MTEsImVtYWlsIjoieW9nYWxvMzA0M0Bpc2hlbnNlLmNvbSIsImlhdCI6MTc1NzY3MjI1MCwiZXhwIjoxNzU4Mjc3MDUwfQ.YGtNROm8Yi9C66CxCZe-8kmXUp7pNdxkY4OgTc3uQUU)
[2025-09-12 13:17:30] [SILLY]: [User]-[Service]-[updateUser]: Updating user (11)
[2025-09-12 13:17:30] [SILLY]: [User]-[Repository]-[findUserById]: Finding user by id (11)
[2025-09-12 13:17:30] [SILLY]: [User]-[Service]-[updateUser]: User found (11)
[2025-09-12 13:17:30] [SILLY]: [User]-[Repository]-[updateUser]: Updating user (11)
[2025-09-12 13:17:30] [SILLY]: [User]-[Repository]-[findUserByEmail]: Finding user by email (yogalo3043@ishense.com)
[2025-09-12 13:17:32] [SILLY]: [Auth]-[Service]-[sendEmail]: Sending email to (yogalo3043@ishense.com)
[2025-09-12 13:17:32] [SILLY]: [User]-[Controller]-[Register]: Verification email sent (yogalo3043@ishense.com)
[2025-09-12 13:17:32] [SILLY]: [User]-[Controller]-[Register]: User registered successfully (yogalo3043@ishense.com)
[2025-09-12 13:17:44] [SILLY]: [Auth]-[Service]-[loginUser]: Logging in user (yogalo3043@ishense.com)
[2025-09-12 13:17:44] [SILLY]: [User]-[Repository]-[findUserByEmail]: Finding user by email (yogalo3043@ishense.com)
[2025-09-12 13:17:44] [SILLY]: [Auth]-[Service]-[loginUser]: Invalid password (yogalo3043@ishense.com)
[2025-09-12 13:17:44] [SILLY]: [Auth]-[Controller]-[Login]:: Error occurred - Error: Invalid password
[2025-09-12 13:18:15] [SILLY]: [Auth]-[Service]-[loginUser]: Logging in user (yogalo3043@ishense.com)
[2025-09-12 13:18:15] [SILLY]: [User]-[Repository]-[findUserByEmail]: Finding user by email (yogalo3043@ishense.com)
[2025-09-12 13:18:16] [SILLY]: [Token]-[Service]-[generateTokens]: Generating tokens for user (yogalo3043@ishense.com)
[2025-09-12 13:18:16] [SILLY]: [Token]-[Service]-[generateTokens]: Tokens generated successfully for user (yogalo3043@ishense.com)
[2025-09-12 13:18:16] [SILLY]: [Token]-[Service]-[generateTokens]: Refresh token generated successfully for user (yogalo3043@ishense.com)
[2025-09-12 13:18:16] [SILLY]: [User]-[Service]-[updateUser]: Updating user (11)
[2025-09-12 13:18:16] [SILLY]: [User]-[Repository]-[findUserById]: Finding user by id (11)
[2025-09-12 13:18:16] [SILLY]: [User]-[Service]-[updateUser]: User found (11)
[2025-09-12 13:18:16] [SILLY]: [User]-[Repository]-[updateUser]: Updating user (11)
[2025-09-12 13:18:16] [SILLY]: [Auth]-[Controller]-[Login]: User logged in successfully (yogalo3043@ishense.com)
[2025-09-12 13:19:18] [SILLY]: [Auth]-[Middleware]-[RequestAuth]: Token verified successfully
[2025-09-12 13:19:18] [SILLY]: [User]-[Service]-[getAllUsers]: Fetching all users
[2025-09-12 13:19:18] [SILLY]: [User]-[Repository]-[findAllUsers]: Finding all users
[2025-09-12 13:19:19] [SILLY]: [User]-[Controller]-[GetAllUsers]: All users retrieved successfully
[2025-09-12 13:19:26] [SILLY]: [Auth]-[Middleware]-[RequestAuth]: Token verified successfully
[2025-09-12 13:19:26] [SILLY]: [User]-[Service]-[deleteUser]: Deleting user (11)
[2025-09-12 13:19:26] [SILLY]: [User]-[Repository]-[findUserById]: Finding user by id (11)
[2025-09-12 13:19:27] [SILLY]: [User]-[Service]-[deleteUser]: User deleted successfully (11)
[2025-09-12 13:19:27] [SILLY]: [Customer]-[Repository]-[deleteAllCustomersByUserId]: Deleting all customers by user id (11)
[2025-09-12 13:19:27] [SILLY]: [User]-[Repository]-[deleteUserById]: Deleting user by id (11)
[2025-09-12 13:19:27] [SILLY]: [User]-[Controller]-[DeleteUserAccount]: User account deleted successfully (11)
[2025-09-12 13:19:39] [SILLY]: [Auth]-[Middleware]-[RequestAuth]: Token verified successfully
[2025-09-12 13:19:39] [SILLY]: [User]-[Service]-[getAllUsers]: Fetching all users
[2025-09-12 13:19:39] [SILLY]: [User]-[Repository]-[findAllUsers]: Finding all users
[2025-09-12 13:19:39] [SILLY]: [User]-[Controller]-[GetAllUsers]: All users retrieved successfully
[2025-09-12 15:40:04] [SILLY]: [User]-[Service]-[registerUser]: Registering user (mecayor201@ishense.com)
[2025-09-12 15:40:04] [SILLY]: [User]-[Repository]-[findUserByEmail]: Finding user by email (mecayor201@ishense.com)
[2025-09-12 15:40:06] [SILLY]: [User]-[Service]-[registerUser]: User registered successfully (mecayor201@ishense.com)
[2025-09-12 15:40:06] [SILLY]: [Config]-[Token]-[hashPassword]: Password hashed successfully
[2025-09-12 15:40:06] [SILLY]: [User]-[Repository]-[createUser]: Creating user (mecayor201@ishense.com)
[2025-09-12 15:40:06] [SILLY]: [User]-[Controller]-[Register]: User created in DB (mecayor201@ishense.com)
[2025-09-12 15:40:06] [SILLY]: [Config]-[Token]-[generateTokens]: Generating tokens for user (mecayor201@ishense.com)
[2025-09-12 15:40:06] [SILLY]: [Config]-[Token]-[generateTokens]: Tokens generated successfully for user (mecayor201@ishense.com)
[2025-09-12 15:40:06] [SILLY]: [Config]-[Token]-[generateTokens]: Refresh token generated successfully for user (mecayor201@ishense.com)
[2025-09-12 15:40:06] [SILLY]: [User]-[Controller]-[Register]:Tokens created (eyJhbGciOiJIUzI1NiIsInR5cCI6IkpXVCJ9.eyJpZCI6MTIsImVtYWlsIjoibWVjYXlvcjIwMUBpc2hlbnNlLmNvbSIsImlhdCI6MTc1NzY4MDgwNiwiZXhwIjoxNzU3NzY3MjA2fQ.S0ULoKzjWPz5zqxxPRp0mMfPRfsvSeK4vh_uz7uiwWA,eyJhbGciOiJIUzI1NiIsInR5cCI6IkpXVCJ9.eyJpZCI6MTIsImVtYWlsIjoibWVjYXlvcjIwMUBpc2hlbnNlLmNvbSIsImlhdCI6MTc1NzY4MDgwNiwiZXhwIjoxNzU4Mjg1NjA2fQ.sbIBfv3_e09tKl83wN6jt9qFuh3jlD3wumwSboSWtt8)
[2025-09-12 15:40:06] [SILLY]: [User]-[Service]-[updateUser]: Updating user (12)
[2025-09-12 15:40:06] [SILLY]: [User]-[Repository]-[findUserById]: Finding user by id (12)
[2025-09-12 15:40:07] [SILLY]: [User]-[Service]-[updateUser]: User found (12)
[2025-09-12 15:40:07] [SILLY]: [User]-[Repository]-[updateUser]: Updating user (12)
[2025-09-12 15:40:07] [SILLY]: [User]-[Repository]-[findUserByEmail]: Finding user by email (mecayor201@ishense.com)
[2025-09-12 15:40:07] [SILLY]: [Config]-[Token]-[generateEmailVerificationToken]: Generating email verification token for user (mecayor201@ishense.com)
[2025-09-12 15:40:07] [SILLY]: [Auth]-[Service]-[sendEmail]: Created verification token for email to (mecayor201@ishense.com)
[2025-09-12 15:40:09] [SILLY]: [Auth]-[Service]-[sendEmail]: Sending email to (mecayor201@ishense.com)
[2025-09-12 15:40:09] [SILLY]: [User]-[Controller]-[Register]: Verification email sent (mecayor201@ishense.com)
[2025-09-12 15:40:09] [SILLY]: [User]-[Controller]-[Register]: User registered successfully (mecayor201@ishense.com)
[2025-09-12 15:40:40] [SILLY]: [User]-[Repository]-[findUserByEmail]: Finding user by email (mecayor201@ishense.com)
[2025-09-12 15:40:40] [SILLY]: [Config]-[Token]-[generateEmailVerificationToken]: Generating email verification token for user (mecayor201@ishense.com)
[2025-09-12 15:40:40] [SILLY]: [Auth]-[Service]-[sendForgotPasswordEmail]: Created reset token for email to (mecayor201@ishense.com)
[2025-09-12 15:40:42] [SILLY]: [Auth]-[Service]-[sendForgotPasswordEmail]: Sending forgot password email to (mecayor201@ishense.com)
[2025-09-12 15:41:32] [SILLY]: [Auth]-[Controller]-[ResetPassword]: Token is required
[2025-09-12 15:41:38] [SILLY]: [Auth]-[Controller]-[ResetPassword]: Token is required
[2025-09-12 15:42:01] [SILLY]: [Auth]-[Controller]-[ResetPassword]: Token is required
[2025-09-12 15:42:29] [SILLY]: Request: GET /auth/reset-password?token=eyJhbGciOiJIUzI1NiIsInR5cCI6IkpXVCJ9.eyJpZCI6MTIsImVtYWlsIjoibWVjYXlvcjIwMUBpc2hlbnNlLmNvbSIsImlhdCI6MTc1NzY4MDg0MCwiZXhwIjoxNzU3Njg0NDQwfQ.8v4RBizDXWFMhLkbKp5Abb-ZdrRWfW6H02IncylaRgM - IP: ::1
[2025-09-12 16:35:40] [SILLY]: [User]-[Service]-[registerUser]: Registering user (miwosij701@ishense.com)
[2025-09-12 16:35:40] [SILLY]: [User]-[Repository]-[findUserByEmail]: Finding user by email (miwosij701@ishense.com)
[2025-09-12 16:35:41] [SILLY]: [User]-[Service]-[registerUser]: User registered successfully (miwosij701@ishense.com)
[2025-09-12 16:35:42] [SILLY]: [Config]-[Token]-[hashPassword]: Password hashed successfully
[2025-09-12 16:35:42] [SILLY]: [User]-[Repository]-[createUser]: Creating user (miwosij701@ishense.com)
[2025-09-12 16:35:42] [SILLY]: [User]-[Controller]-[Register]: User created in DB (miwosij701@ishense.com)
[2025-09-12 16:35:42] [SILLY]: [Config]-[Token]-[generateTokens]: Generating tokens for user (miwosij701@ishense.com)
[2025-09-12 16:35:42] [SILLY]: [Config]-[Token]-[generateTokens]: Tokens generated successfully for user (miwosij701@ishense.com)
[2025-09-12 16:35:42] [SILLY]: [Config]-[Token]-[generateTokens]: Refresh token generated successfully for user (miwosij701@ishense.com)
[2025-09-12 16:35:42] [SILLY]: [User]-[Controller]-[Register]:Tokens created (eyJhbGciOiJIUzI1NiIsInR5cCI6IkpXVCJ9.eyJpZCI6MTMsImVtYWlsIjoibWl3b3NpajcwMUBpc2hlbnNlLmNvbSIsImlhdCI6MTc1NzY4NDE0MiwiZXhwIjoxNzU3NzcwNTQyfQ.tIQha-dkqoujmmWQkfjJXylIAWfkQFVsT3LBsMEKNGo,eyJhbGciOiJIUzI1NiIsInR5cCI6IkpXVCJ9.eyJpZCI6MTMsImVtYWlsIjoibWl3b3NpajcwMUBpc2hlbnNlLmNvbSIsImlhdCI6MTc1NzY4NDE0MiwiZXhwIjoxNzU4Mjg4OTQyfQ.MYByiXN2W6WylDOHRhxEPZrXVHxd5p6_Xi0jjjCdqlE)
[2025-09-12 16:35:42] [SILLY]: [User]-[Service]-[updateUser]: Updating user (13)
[2025-09-12 16:35:42] [SILLY]: [User]-[Repository]-[findUserById]: Finding user by id (13)
[2025-09-12 16:35:42] [SILLY]: [User]-[Service]-[updateUser]: User found (13)
[2025-09-12 16:35:42] [SILLY]: [User]-[Repository]-[updateUser]: Updating user (13)
[2025-09-12 16:35:42] [SILLY]: [User]-[Repository]-[findUserByEmail]: Finding user by email (miwosij701@ishense.com)
[2025-09-12 16:35:43] [SILLY]: [Config]-[Token]-[generateEmailVerificationToken]: Generating email verification token for user (miwosij701@ishense.com)
[2025-09-12 16:35:43] [SILLY]: [Auth]-[Service]-[sendEmail]: Created verification token for email to (miwosij701@ishense.com)
[2025-09-12 16:35:45] [SILLY]: [Auth]-[Service]-[sendEmail]: Sending email to (miwosij701@ishense.com)
[2025-09-12 16:35:45] [SILLY]: [User]-[Controller]-[Register]: Verification email sent (miwosij701@ishense.com)
[2025-09-12 16:35:45] [SILLY]: [User]-[Controller]-[Register]: User registered successfully (miwosij701@ishense.com)
[2025-09-12 16:36:37] [SILLY]: [User]-[Repository]-[findUserByEmail]: Finding user by email (miwosij701@ishense.com)
[2025-09-12 16:36:37] [SILLY]: [Config]-[Token]-[generateEmailVerificationToken]: Generating email verification token for user (miwosij701@ishense.com)
[2025-09-12 16:36:37] [SILLY]: [Auth]-[Service]-[sendForgotPasswordEmail]: Created reset token for email to (miwosij701@ishense.com)
[2025-09-12 16:36:39] [SILLY]: [Auth]-[Service]-[sendForgotPasswordEmail]: Sending forgot password email to (miwosij701@ishense.com)
[2025-09-12 16:37:15] [SILLY]: [Config]-[Token]-[validateToken]: Token validated successfully
[2025-09-12 16:37:15] [SILLY]: [User]-[Repository]-[findUserById]: Finding user by id (13)
[2025-09-12 16:37:15] [SILLY]: [Config]-[Token]-[hashPassword]: Password hashed successfully
[2025-09-12 16:37:15] [SILLY]: [User]-[Repository]-[updateUser]: Updating user (13)
[2025-09-12 16:37:16] [SILLY]: [Auth]-[Service]-[resetForgotPassword]: Password reset successfully for user (miwosij701@ishense.com)
[2025-09-12 16:37:38] [SILLY]: [Auth]-[Service]-[loginUser]: Logging in user (miwosij701@ishense.com)
[2025-09-12 16:37:38] [SILLY]: [User]-[Repository]-[findUserByEmail]: Finding user by email (miwosij701@ishense.com)
[2025-09-12 16:37:38] [SILLY]: [Auth]-[Service]-[loginUser]: Invalid password (miwosij701@ishense.com)
[2025-09-12 16:37:38] [SILLY]: [Auth]-[Controller]-[Login]:: Error occurred - Error: Invalid password
[2025-09-12 16:37:43] [SILLY]: [Auth]-[Service]-[loginUser]: Logging in user (miwosij701@ishense.com)
[2025-09-12 16:37:43] [SILLY]: [User]-[Repository]-[findUserByEmail]: Finding user by email (miwosij701@ishense.com)
[2025-09-12 16:37:43] [SILLY]: [Config]-[Token]-[generateTokens]: Generating tokens for user (miwosij701@ishense.com)
[2025-09-12 16:37:43] [SILLY]: [Config]-[Token]-[generateTokens]: Tokens generated successfully for user (miwosij701@ishense.com)
[2025-09-12 16:37:43] [SILLY]: [Config]-[Token]-[generateTokens]: Refresh token generated successfully for user (miwosij701@ishense.com)
[2025-09-12 16:37:43] [SILLY]: [User]-[Service]-[updateUser]: Updating user (13)
[2025-09-12 16:37:43] [SILLY]: [User]-[Repository]-[findUserById]: Finding user by id (13)
[2025-09-12 16:37:43] [SILLY]: [User]-[Service]-[updateUser]: User found (13)
[2025-09-12 16:37:43] [SILLY]: [User]-[Repository]-[updateUser]: Updating user (13)
[2025-09-12 16:37:43] [SILLY]: [Auth]-[Controller]-[Login]: User logged in successfully (miwosij701@ishense.com)
[2025-09-12 16:38:02] [SILLY]: [User]-[Repository]-[findUserById]: Finding user by id (13)
[2025-09-12 16:38:02] [SILLY]: [User]-[Repository]-[updateUser]: Updating user (13)
[2025-09-12 16:38:03] [SILLY]: [Auth]-[Service]-[verifyEmail]: Email verified successfully for user (miwosij701@ishense.com)
[2025-09-12 16:38:03] [SILLY]: Request: GET /favicon.ico - IP: ::1
[2025-09-12 16:38:47] [SILLY]: [Auth]-[Middleware]-[RequestAuth]: Token verified successfully
[2025-09-12 16:38:47] [SILLY]: [User]-[Service]-[getAllUsers]: Fetching all users
[2025-09-12 16:38:47] [SILLY]: [User]-[Repository]-[findAllUsers]: Finding all users
[2025-09-12 16:38:47] [SILLY]: [User]-[Controller]-[GetAllUsers]: All users retrieved successfully
[2025-09-12 16:38:58] [SILLY]: [Auth]-[Middleware]-[RequestAuth]: Token verified successfully
[2025-09-12 16:38:58] [SILLY]: [User]-[Service]-[updateUser]: Updating user (13)
[2025-09-12 16:38:58] [SILLY]: [User]-[Repository]-[findUserById]: Finding user by id (13)
[2025-09-12 16:38:58] [SILLY]: [User]-[Service]-[updateUser]: User found (13)
[2025-09-12 16:38:58] [SILLY]: [User]-[Repository]-[updateUser]: Updating user (13)
[2025-09-12 16:39:00] [SILLY]: [Auth]-[Middleware]-[RequestAuth]: Token verified successfully
[2025-09-12 16:39:00] [SILLY]: [User]-[Service]-[updateUser]: Updating user (13)
[2025-09-12 16:39:00] [SILLY]: [User]-[Repository]-[findUserById]: Finding user by id (13)
[2025-09-12 16:39:00] [SILLY]: [User]-[Service]-[updateUser]: User found (13)
[2025-09-12 16:39:00] [SILLY]: [User]-[Repository]-[updateUser]: Updating user (13)
[2025-09-12 16:39:06] [SILLY]: [Auth]-[Middleware]-[RequestAuth]: Token verified successfully
[2025-09-12 16:39:06] [SILLY]: [User]-[Service]-[getAllUsers]: Fetching all users
[2025-09-12 16:39:06] [SILLY]: [User]-[Repository]-[findAllUsers]: Finding all users
[2025-09-12 16:39:06] [SILLY]: [User]-[Controller]-[GetAllUsers]: All users retrieved successfully
[2025-09-12 16:39:08] [SILLY]: [Auth]-[Middleware]-[RequestAuth]: Token verified successfully
[2025-09-12 16:39:08] [SILLY]: [User]-[Service]-[getAllUsers]: Fetching all users
[2025-09-12 16:39:08] [SILLY]: [User]-[Repository]-[findAllUsers]: Finding all users
[2025-09-12 16:39:08] [SILLY]: [User]-[Controller]-[GetAllUsers]: All users retrieved successfully
[2025-09-12 16:39:09] [SILLY]: [Auth]-[Middleware]-[RequestAuth]: Token verified successfully
[2025-09-12 16:39:09] [SILLY]: [User]-[Service]-[getAllUsers]: Fetching all users
[2025-09-12 16:39:09] [SILLY]: [User]-[Repository]-[findAllUsers]: Finding all users
[2025-09-12 16:39:09] [SILLY]: [User]-[Controller]-[GetAllUsers]: All users retrieved successfully
[2025-09-12 16:39:38] [SILLY]: Request: DELETE /user/profile - IP: ::1
[2025-09-12 16:39:41] [SILLY]: Request: DELETE /user/profile - IP: ::1
[2025-09-12 16:47:43] [SILLY]: [Auth]-[Service]-[loginUser]: Logging in user (admin@example.com)
[2025-09-12 16:47:43] [SILLY]: [User]-[Repository]-[findUserByEmail]: Finding user by email (admin@example.com)
[2025-09-12 16:47:45] [SILLY]: [Config]-[Token]-[generateTokens]: Generating tokens for user (admin@example.com)
[2025-09-12 16:47:45] [SILLY]: [Config]-[Token]-[generateTokens]: Tokens generated successfully for user (admin@example.com)
[2025-09-12 16:47:45] [SILLY]: [Config]-[Token]-[generateTokens]: Refresh token generated successfully for user (admin@example.com)
[2025-09-12 16:47:45] [SILLY]: [User]-[Service]-[updateUser]: Updating user (1)
[2025-09-12 16:47:45] [SILLY]: [User]-[Repository]-[findUserById]: Finding user by id (1)
[2025-09-12 16:47:45] [SILLY]: [User]-[Service]-[updateUser]: User found (1)
[2025-09-12 16:47:45] [SILLY]: [User]-[Repository]-[updateUser]: Updating user (1)
[2025-09-12 16:47:45] [SILLY]: [Auth]-[Controller]-[Login]: User logged in successfully (admin@example.com)
[2025-09-12 16:51:25] [SILLY]: [Auth]-[Controller]-[ResetPassword]: Token is required
[2025-09-12 16:51:49] [SILLY]: [Auth]-[Controller]-[ResetPassword]: Error occurred - TypeError: Cannot destructure property 'newPassword' of 'req.body' as it is undefined.
[2025-09-12 16:55:07] [SILLY]: Request: GET /user/profile?id=4 - IP: ::1
[2025-09-12 16:56:38] [SILLY]: [Auth]-[Middleware]-[RequestAuth]: No token
[2025-09-12 16:56:55] [SILLY]: Request: DELETE /user/profile - IP: ::1
[2025-09-12 16:59:23] [SILLY]: [Auth]-[Service]-[loginUser]: Logging in user (admin@example.com)
[2025-09-12 16:59:23] [SILLY]: [User]-[Repository]-[findUserByEmail]: Finding user by email (admin@example.com)
[2025-09-12 16:59:25] [SILLY]: [Config]-[Token]-[generateTokens]: Generating tokens for user (admin@example.com)
[2025-09-12 16:59:25] [SILLY]: [Config]-[Token]-[generateTokens]: Tokens generated successfully for user (admin@example.com)
[2025-09-12 16:59:25] [SILLY]: [Config]-[Token]-[generateTokens]: Refresh token generated successfully for user (admin@example.com)
[2025-09-12 16:59:25] [SILLY]: [User]-[Service]-[updateUser]: Updating user (1)
[2025-09-12 16:59:25] [SILLY]: [User]-[Repository]-[findUserById]: Finding user by id (1)
[2025-09-12 16:59:25] [SILLY]: [User]-[Service]-[updateUser]: User found (1)
[2025-09-12 16:59:25] [SILLY]: [User]-[Repository]-[updateUser]: Updating user (1)
[2025-09-12 16:59:25] [SILLY]: [Auth]-[Controller]-[Login]: User logged in successfully (admin@example.com)
[2025-09-12 17:01:39] [SILLY]: [Auth]-[Middleware]-[RequestAuth]: Token verified successfully
[2025-09-12 17:01:39] [SILLY]: [User]-[Service]-[getAllUsers]: Fetching all users
[2025-09-12 17:01:39] [SILLY]: [User]-[Repository]-[findAllUsers]: Finding all users
[2025-09-12 17:01:40] [SILLY]: [User]-[Controller]-[GetAllUsers]: All users retrieved successfully
[2025-09-12 17:07:13] [SILLY]: [Auth]-[Middleware]-[RequestAuth]: No token
[2025-09-12 17:07:40] [SILLY]: [Auth]-[Middleware]-[RequestAuth]: Token verified successfully
[2025-09-12 17:07:40] [SILLY]: [User]-[Service]-[updateUser]: Updating user (1)
[2025-09-12 17:07:40] [SILLY]: [User]-[Repository]-[findUserById]: Finding user by id (1)
[2025-09-12 17:07:42] [SILLY]: [User]-[Service]-[updateUser]: User found (1)
[2025-09-12 17:07:42] [SILLY]: [User]-[Repository]-[updateUser]: Updating user (1)
[2025-09-12 17:07:52] [SILLY]: [Auth]-[Middleware]-[RequestAuth]: Token verified successfully
[2025-09-12 17:07:52] [SILLY]: [User]-[Service]-[getAllUsers]: Fetching all users
[2025-09-12 17:07:52] [SILLY]: [User]-[Repository]-[findAllUsers]: Finding all users
[2025-09-12 17:07:52] [SILLY]: [User]-[Controller]-[GetAllUsers]: All users retrieved successfully
[2025-09-12 20:03:43] [SILLY]: [Auth]-[Service]-[loginUser]: Logging in user (admin@example.com)
[2025-09-12 20:03:43] [SILLY]: [User]-[Repository]-[findUserByEmail]: Finding user by email (admin@example.com)
[2025-09-12 20:03:45] [SILLY]: [Config]-[Token]-[generateTokens]: Generating tokens for user (admin@example.com)
[2025-09-12 20:03:45] [SILLY]: [Config]-[Token]-[generateTokens]: Tokens generated successfully for user (admin@example.com)
[2025-09-12 20:03:45] [SILLY]: [Config]-[Token]-[generateTokens]: Refresh token generated successfully for user (admin@example.com)
[2025-09-12 20:03:45] [SILLY]: [User]-[Service]-[updateUser]: Updating user (1)
[2025-09-12 20:03:45] [SILLY]: [User]-[Repository]-[findUserById]: Finding user by id (1)
[2025-09-12 20:03:45] [SILLY]: [User]-[Service]-[updateUser]: User found (1)
[2025-09-12 20:03:45] [SILLY]: [User]-[Repository]-[updateUser]: Updating user (1)
[2025-09-12 20:03:45] [SILLY]: [Auth]-[Controller]-[Login]: User logged in successfully (admin@example.com)
[2025-09-12 20:04:14] [SILLY]: [Auth]-[Middleware]-[RequestAuth]: Token verified successfully
[2025-09-12 20:04:14] [SILLY]: [User]-[Service]-[getAllUsers]: Fetching all users
[2025-09-12 20:04:14] [SILLY]: [User]-[Repository]-[findAllUsers]: Finding all users
[2025-09-12 20:04:14] [SILLY]: [User]-[Controller]-[GetAllUsers]: All users retrieved successfully
[2025-09-12 20:04:33] [SILLY]: [Auth]-[Middleware]-[RequestAuth]: Token verified successfully
[2025-09-12 20:04:34] [SILLY]: [Config]-[Token]-[calculateTimeOfToken]: Blacklisted token with ttl=86352s
[2025-09-12 20:04:34] [SILLY]: [User]-[Service]-[updateUser]: Updating user (1)
[2025-09-12 20:04:34] [SILLY]: [User]-[Repository]-[findUserById]: Finding user by id (1)
[2025-09-12 20:04:34] [SILLY]: [User]-[Service]-[updateUser]: User found (1)
[2025-09-12 20:04:34] [SILLY]: [User]-[Repository]-[updateUser]: Updating user (1)
[2025-09-12 20:04:41] [SILLY]: [Auth]-[Middleware]-[RequestAuth]: Token is blacklisted
[2025-09-12 20:06:36] [SILLY]: [Auth]-[Middleware]-[RequestAuth]: Token is blacklisted
[2025-09-12 20:06:40] [SILLY]: Request: GET /user/profile?id=4 - IP: ::1
[2025-09-12 22:41:08] [SILLY]: [Auth]-[Service]-[loginUser]: Logging in user (admin@example.com)
[2025-09-12 22:41:08] [SILLY]: [User]-[Repository]-[findUserByEmail]: Finding user by email (admin@example.com)
[2025-09-12 22:41:10] [SILLY]: [Config]-[Token]-[generateTokens]: Generating tokens for user (admin@example.com)
[2025-09-12 22:41:10] [SILLY]: [Config]-[Token]-[generateTokens]: Tokens generated successfully for user (admin@example.com)
[2025-09-12 22:41:10] [SILLY]: [Config]-[Token]-[generateTokens]: Refresh token generated successfully for user (admin@example.com)
[2025-09-12 22:41:10] [SILLY]: [User]-[Service]-[updateUser]: Updating user (1)
[2025-09-12 22:41:10] [SILLY]: [User]-[Repository]-[findUserById]: Finding user by id (1)
[2025-09-12 22:41:10] [SILLY]: [User]-[Service]-[updateUser]: User found (1)
[2025-09-12 22:41:10] [SILLY]: [User]-[Repository]-[updateUser]: Updating user (1)
[2025-09-12 22:41:10] [SILLY]: [Auth]-[Controller]-[Login]: User logged in successfully (admin@example.com)
[2025-09-12 22:41:11] [SILLY]: [Auth]-[Controller]-[Login]: Error occurred - Error: Permission to send an SMS has not been enabled for the region indicated by the 'To' number: +90543632XXXX
[2025-09-12 22:47:16] [SILLY]: [Auth]-[Service]-[loginUser]: Logging in user (admin@example.com)
[2025-09-12 22:47:16] [SILLY]: [User]-[Repository]-[findUserByEmail]: Finding user by email (admin@example.com)
[2025-09-12 22:47:17] [SILLY]: [Config]-[Token]-[generateTokens]: Generating tokens for user (admin@example.com)
[2025-09-12 22:47:17] [SILLY]: [Config]-[Token]-[generateTokens]: Tokens generated successfully for user (admin@example.com)
[2025-09-12 22:47:17] [SILLY]: [Config]-[Token]-[generateTokens]: Refresh token generated successfully for user (admin@example.com)
[2025-09-12 22:47:17] [SILLY]: [User]-[Service]-[updateUser]: Updating user (1)
[2025-09-12 22:47:17] [SILLY]: [User]-[Repository]-[findUserById]: Finding user by id (1)
[2025-09-12 22:47:18] [SILLY]: [User]-[Service]-[updateUser]: User found (1)
[2025-09-12 22:47:18] [SILLY]: [User]-[Repository]-[updateUser]: Updating user (1)
[2025-09-12 22:47:18] [SILLY]: [Auth]-[Controller]-[Login]: User logged in successfully (admin@example.com)
[2025-09-12 22:47:18] [SILLY]: [Auth]-[Controller]-[Login]: Error occurred - Error: 'From' +12065551234 is not a Twilio phone number or Short Code country mismatch
[2025-09-12 22:49:39] [SILLY]: [Auth]-[Service]-[loginUser]: Logging in user (admin@example.com)
[2025-09-12 22:49:39] [SILLY]: [User]-[Repository]-[findUserByEmail]: Finding user by email (admin@example.com)
[2025-09-12 22:49:40] [SILLY]: [Config]-[Token]-[generateTokens]: Generating tokens for user (admin@example.com)
[2025-09-12 22:49:40] [SILLY]: [Config]-[Token]-[generateTokens]: Tokens generated successfully for user (admin@example.com)
[2025-09-12 22:49:40] [SILLY]: [Config]-[Token]-[generateTokens]: Refresh token generated successfully for user (admin@example.com)
[2025-09-12 22:49:40] [SILLY]: [User]-[Service]-[updateUser]: Updating user (1)
[2025-09-12 22:49:40] [SILLY]: [User]-[Repository]-[findUserById]: Finding user by id (1)
[2025-09-12 22:49:40] [SILLY]: [User]-[Service]-[updateUser]: User found (1)
[2025-09-12 22:49:40] [SILLY]: [User]-[Repository]-[updateUser]: Updating user (1)
[2025-09-12 22:49:40] [SILLY]: [Auth]-[Controller]-[Login]: User logged in successfully (admin@example.com)
[2025-09-12 22:49:40] [SILLY]: [Auth]-[Controller]-[Login]: Error occurred - Error: 'From' +12065551234 is not a Twilio phone number or Short Code country mismatch
[2025-09-12 22:50:22] [SILLY]: [Auth]-[Service]-[loginUser]: Logging in user (admin@example.com)
[2025-09-12 22:50:22] [SILLY]: [User]-[Repository]-[findUserByEmail]: Finding user by email (admin@example.com)
[2025-09-12 22:50:22] [SILLY]: [Config]-[Token]-[generateTokens]: Generating tokens for user (admin@example.com)
[2025-09-12 22:50:22] [SILLY]: [Config]-[Token]-[generateTokens]: Tokens generated successfully for user (admin@example.com)
[2025-09-12 22:50:22] [SILLY]: [Config]-[Token]-[generateTokens]: Refresh token generated successfully for user (admin@example.com)
[2025-09-12 22:50:22] [SILLY]: [User]-[Service]-[updateUser]: Updating user (1)
[2025-09-12 22:50:22] [SILLY]: [User]-[Repository]-[findUserById]: Finding user by id (1)
[2025-09-12 22:50:23] [SILLY]: [User]-[Service]-[updateUser]: User found (1)
[2025-09-12 22:50:23] [SILLY]: [User]-[Repository]-[updateUser]: Updating user (1)
[2025-09-12 22:50:23] [SILLY]: [Auth]-[Controller]-[Login]: User logged in successfully (admin@example.com)
[2025-09-12 22:50:23] [SILLY]: [Auth]-[Controller]-[Login]: Error occurred - Error: 'From' +12065551234 is not a Twilio phone number or Short Code country mismatch
[2025-09-12 22:57:24] [SILLY]: [Auth]-[Service]-[loginUser]: Logging in user (admin@example.com)
[2025-09-12 22:57:24] [SILLY]: [User]-[Repository]-[findUserByEmail]: Finding user by email (admin@example.com)
[2025-09-12 22:57:26] [SILLY]: [Config]-[Token]-[generateTokens]: Generating tokens for user (admin@example.com)
[2025-09-12 22:57:26] [SILLY]: [Config]-[Token]-[generateTokens]: Tokens generated successfully for user (admin@example.com)
[2025-09-12 22:57:26] [SILLY]: [Config]-[Token]-[generateTokens]: Refresh token generated successfully for user (admin@example.com)
[2025-09-12 22:57:26] [SILLY]: [User]-[Service]-[updateUser]: Updating user (1)
[2025-09-12 22:57:26] [SILLY]: [User]-[Repository]-[findUserById]: Finding user by id (1)
[2025-09-12 22:57:26] [SILLY]: [User]-[Service]-[updateUser]: User found (1)
[2025-09-12 22:57:26] [SILLY]: [User]-[Repository]-[updateUser]: Updating user (1)
[2025-09-12 22:57:27] [SILLY]: [Auth]-[Controller]-[Login]: User logged in successfully (admin@example.com)
[2025-09-12 22:57:27] [SILLY]: [Auth]-[Controller]-[Login]: Error occurred - Error: 'From' +12065551234 is not a Twilio phone number or Short Code country mismatch
[2025-09-12 22:58:13] [SILLY]: [Auth]-[Service]-[loginUser]: Logging in user (admin@example.com)
[2025-09-12 22:58:13] [SILLY]: [User]-[Repository]-[findUserByEmail]: Finding user by email (admin@example.com)
[2025-09-12 22:58:14] [SILLY]: [Config]-[Token]-[generateTokens]: Generating tokens for user (admin@example.com)
[2025-09-12 22:58:14] [SILLY]: [Config]-[Token]-[generateTokens]: Tokens generated successfully for user (admin@example.com)
[2025-09-12 22:58:14] [SILLY]: [Config]-[Token]-[generateTokens]: Refresh token generated successfully for user (admin@example.com)
[2025-09-12 22:58:14] [SILLY]: [User]-[Service]-[updateUser]: Updating user (1)
[2025-09-12 22:58:14] [SILLY]: [User]-[Repository]-[findUserById]: Finding user by id (1)
[2025-09-12 22:58:14] [SILLY]: [User]-[Service]-[updateUser]: User found (1)
[2025-09-12 22:58:14] [SILLY]: [User]-[Repository]-[updateUser]: Updating user (1)
[2025-09-12 22:58:15] [SILLY]: [Auth]-[Controller]-[Login]: User logged in successfully (admin@example.com)
[2025-09-12 22:59:13] [SILLY]: [User]-[Service]-[getUserById]: Fetching user (1)
[2025-09-12 22:59:13] [SILLY]: [User]-[Repository]-[findUserById]: Finding user by id (1)
[2025-09-12 22:59:13] [SILLY]: [Auth]-[Controller]-[LoginPhone]: Invalid verification code
[2025-09-12 22:59:26] [SILLY]: [User]-[Service]-[getUserById]: Fetching user (1)
[2025-09-12 22:59:26] [SILLY]: [User]-[Repository]-[findUserById]: Finding user by id (1)
[2025-09-12 22:59:26] [SILLY]: [Auth]-[Controller]-[LoginPhone]: Invalid verification code
[2025-09-12 22:59:49] [SILLY]: [User]-[Service]-[getUserById]: Fetching user (1)
[2025-09-12 22:59:49] [SILLY]: [User]-[Repository]-[findUserById]: Finding user by id (1)
[2025-09-12 22:59:49] [SILLY]: [Auth]-[Controller]-[LoginPhone]: Invalid verification code
[2025-09-12 23:02:54] [SILLY]: [Auth]-[Service]-[loginUser]: Logging in user (admin@example.com)
[2025-09-12 23:02:54] [SILLY]: [User]-[Repository]-[findUserByEmail]: Finding user by email (admin@example.com)
[2025-09-12 23:02:56] [SILLY]: [Config]-[Token]-[generateTokens]: Generating tokens for user (admin@example.com)
[2025-09-12 23:02:56] [SILLY]: [Config]-[Token]-[generateTokens]: Tokens generated successfully for user (admin@example.com)
[2025-09-12 23:02:56] [SILLY]: [Config]-[Token]-[generateTokens]: Refresh token generated successfully for user (admin@example.com)
[2025-09-12 23:02:56] [SILLY]: [User]-[Service]-[updateUser]: Updating user (1)
[2025-09-12 23:02:56] [SILLY]: [User]-[Repository]-[findUserById]: Finding user by id (1)
[2025-09-12 23:02:56] [SILLY]: [User]-[Service]-[updateUser]: User found (1)
[2025-09-12 23:02:56] [SILLY]: [User]-[Repository]-[updateUser]: Updating user (1)
[2025-09-12 23:02:56] [SILLY]: [Auth]-[Controller]-[Login]: User logged in successfully (admin@example.com)
[2025-09-12 23:03:11] [SILLY]: [User]-[Service]-[getUserById]: Fetching user (1)
[2025-09-12 23:03:11] [SILLY]: [User]-[Repository]-[findUserById]: Finding user by id (1)
[2025-09-12 23:03:11] [SILLY]: [Auth]-[Controller]-[LoginPhone]: Invalid verification code
[2025-09-12 23:03:25] [SILLY]: [User]-[Service]-[getUserById]: Fetching user (1)
[2025-09-12 23:03:25] [SILLY]: [User]-[Repository]-[findUserById]: Finding user by id (1)
[2025-09-12 23:03:25] [SILLY]: [Auth]-[Controller]-[LoginPhone]: User phone verified successfully (admin@example.com)
[2025-09-12 23:04:23] [SILLY]: [Auth]-[Middleware]-[RequestAuth]: Token verified successfully
[2025-09-12 23:04:23] [SILLY]: [Auth]-[Controller]-[sendVerificationPhone]: User phone number not found
[2025-09-12 23:05:38] [SILLY]: [Auth]-[Middleware]-[RequestAuth]: Token verified successfully
[2025-09-12 23:05:38] [SILLY]: [Auth]-[Controller]-[sendVerificationPhone]: User phone number not found
[2025-09-12 23:09:46] [SILLY]: [Auth]-[Service]-[loginUser]: Logging in user (admin@example.com)
[2025-09-12 23:09:46] [SILLY]: [User]-[Repository]-[findUserByEmail]: Finding user by email (admin@example.com)
[2025-09-12 23:09:48] [SILLY]: [Config]-[Token]-[generateTokens]: Generating tokens for user (admin@example.com)
[2025-09-12 23:09:48] [SILLY]: [Config]-[Token]-[generateTokens]: Tokens generated successfully for user (admin@example.com)
[2025-09-12 23:09:48] [SILLY]: [Config]-[Token]-[generateTokens]: Refresh token generated successfully for user (admin@example.com)
[2025-09-12 23:09:48] [SILLY]: [User]-[Service]-[updateUser]: Updating user (1)
[2025-09-12 23:09:48] [SILLY]: [User]-[Repository]-[findUserById]: Finding user by id (1)
[2025-09-12 23:09:48] [SILLY]: [User]-[Service]-[updateUser]: User found (1)
[2025-09-12 23:09:48] [SILLY]: [User]-[Repository]-[updateUser]: Updating user (1)
[2025-09-12 23:09:48] [SILLY]: [Auth]-[Controller]-[Login]: User logged in successfully (admin@example.com)
[2025-09-12 23:10:05] [SILLY]: [Auth]-[Middleware]-[RequestAuth]: Token verified successfully
[2025-09-12 23:10:05] [SILLY]: [User]-[Service]-[getAllUsers]: Fetching all users
[2025-09-12 23:10:05] [SILLY]: [User]-[Repository]-[findAllUsers]: Finding all users
[2025-09-12 23:10:05] [SILLY]: [User]-[Controller]-[GetAllUsers]: All users retrieved successfully
[2025-09-12 23:10:13] [SILLY]: [Auth]-[Middleware]-[RequestAuth]: Token verified successfully
[2025-09-12 23:10:13] [SILLY]: [Auth]-[Controller]-[sendVerificationPhone]: User phone number not found
[2025-09-12 23:18:11] [SILLY]: [Auth]-[Service]-[loginUser]: Logging in user (admin@example.com)
[2025-09-12 23:18:11] [SILLY]: [User]-[Repository]-[findUserByEmail]: Finding user by email (admin@example.com)
[2025-09-12 23:18:13] [SILLY]: [Config]-[Token]-[generateTokens]: Generating tokens for user (admin@example.com)
[2025-09-12 23:18:13] [SILLY]: [Config]-[Token]-[generateTokens]: Tokens generated successfully for user (admin@example.com)
[2025-09-12 23:18:13] [SILLY]: [Config]-[Token]-[generateTokens]: Refresh token generated successfully for user (admin@example.com)
[2025-09-12 23:18:13] [SILLY]: [User]-[Service]-[updateUser]: Updating user (1)
[2025-09-12 23:18:13] [SILLY]: [User]-[Repository]-[findUserById]: Finding user by id (1)
[2025-09-12 23:18:13] [SILLY]: [User]-[Service]-[updateUser]: User found (1)
[2025-09-12 23:18:13] [SILLY]: [User]-[Repository]-[updateUser]: Updating user (1)
[2025-09-12 23:18:13] [SILLY]: [Auth]-[Controller]-[Login]: User logged in successfully (admin@example.com)
[2025-09-12 23:20:48] [SILLY]: [Auth]-[Middleware]-[RequestAuth]: Token verified successfully
[2025-09-12 23:20:48] [SILLY]: [Auth]-[Controller]-[sendVerificationPhone]: User phone number not found
[2025-09-12 23:25:32] [SILLY]: [Auth]-[Service]-[loginUser]: Logging in user (admin@example.com)
[2025-09-12 23:25:32] [SILLY]: [User]-[Repository]-[findUserByEmail]: Finding user by email (admin@example.com)
[2025-09-12 23:25:34] [SILLY]: [Config]-[Token]-[generateTokens]: Generating tokens for user (admin@example.com)
[2025-09-12 23:25:34] [SILLY]: [Config]-[Token]-[generateTokens]: Tokens generated successfully for user (admin@example.com)
[2025-09-12 23:25:34] [SILLY]: [Config]-[Token]-[generateTokens]: Refresh token generated successfully for user (admin@example.com)
[2025-09-12 23:25:34] [SILLY]: [User]-[Service]-[updateUser]: Updating user (1)
[2025-09-12 23:25:34] [SILLY]: [User]-[Repository]-[findUserById]: Finding user by id (1)
[2025-09-12 23:25:35] [SILLY]: [User]-[Service]-[updateUser]: User found (1)
[2025-09-12 23:25:35] [SILLY]: [User]-[Repository]-[updateUser]: Updating user (1)
[2025-09-12 23:25:35] [SILLY]: [Auth]-[Controller]-[Login]: User logged in successfully (admin@example.com)
[2025-09-12 23:25:47] [SILLY]: [Auth]-[Middleware]-[RequestAuth]: Token verified successfully
[2025-09-12 23:25:47] [SILLY]: [User]-[Service]-[getUserById]: Fetching user (1)
[2025-09-12 23:25:47] [SILLY]: [User]-[Repository]-[findUserById]: Finding user by id (1)
[2025-09-12 23:25:47] [SILLY]: [User]-[Service]-[updateUser]: Updating user (1)
[2025-09-12 23:25:47] [SILLY]: [User]-[Repository]-[findUserById]: Finding user by id (1)
[2025-09-12 23:25:47] [SILLY]: [User]-[Service]-[updateUser]: User found (1)
[2025-09-12 23:25:47] [SILLY]: [User]-[Repository]-[updateUser]: Updating user (1)
[2025-09-12 23:25:48] [SILLY]: [Auth]-[Controller]-[sendVerificationPhone]: Updated user (1) with verification code
[2025-09-12 23:25:48] [SILLY]: [Auth]-[Controller]-[sendVerificationPhone]: Sending verification code to phone number (+905436325192- Digital Code: 871884)
[2025-09-12 23:26:19] [SILLY]: [Auth]-[Middleware]-[RequestAuth]: Token verified successfully
[2025-09-12 23:26:19] [SILLY]: [User]-[Service]-[getUserById]: Fetching user (1)
[2025-09-12 23:26:19] [SILLY]: [User]-[Repository]-[findUserById]: Finding user by id (1)
[2025-09-12 23:26:19] [SILLY]: [Auth]-[Controller]-[VerificationPhone]: Invalid verification code
[2025-09-12 23:26:27] [SILLY]: [Auth]-[Middleware]-[RequestAuth]: Token verified successfully
[2025-09-12 23:26:27] [SILLY]: [User]-[Service]-[getUserById]: Fetching user (1)
[2025-09-12 23:26:27] [SILLY]: [User]-[Repository]-[findUserById]: Finding user by id (1)
[2025-09-12 23:26:27] [SILLY]: [User]-[Service]-[updateUser]: Updating user (1)
[2025-09-12 23:26:27] [SILLY]: [User]-[Repository]-[findUserById]: Finding user by id (1)
[2025-09-12 23:26:28] [SILLY]: [User]-[Service]-[updateUser]: User found (1)
[2025-09-12 23:26:28] [SILLY]: [User]-[Repository]-[updateUser]: Updating user (1)
[2025-09-12 23:26:28] [SILLY]: [Auth]-[Controller]-[VerificationPhone]: User phone verified successfully (admin@example.com)
[2025-09-12 23:26:40] [SILLY]: [Auth]-[Middleware]-[RequestAuth]: Token verified successfully
[2025-09-12 23:26:41] [SILLY]: [Config]-[Token]-[calculateTimeOfToken]: Blacklisted token with ttl=86334s
[2025-09-12 23:26:41] [SILLY]: [User]-[Service]-[updateUser]: Updating user (1)
[2025-09-12 23:26:41] [SILLY]: [User]-[Repository]-[findUserById]: Finding user by id (1)
[2025-09-12 23:26:41] [SILLY]: [User]-[Service]-[updateUser]: User found (1)
[2025-09-12 23:26:41] [SILLY]: [User]-[Repository]-[updateUser]: Updating user (1)
[2025-09-12 23:26:53] [SILLY]: [Auth]-[Middleware]-[RequestAuth]: Token is blacklisted
[2025-09-13 01:11:00] [SILLY]: [Auth]-[Middleware]-[RequestAuth]: No token
[2025-09-13 01:11:16] [SILLY]: [Auth]-[Service]-[loginUser]: Logging in user (admin@example.com)
[2025-09-13 01:11:16] [SILLY]: [User]-[Repository]-[findUserByEmail]: Finding user by email (admin@example.com)
[2025-09-13 01:11:18] [SILLY]: [Config]-[Token]-[generateTokens]: Generating tokens for user (admin@example.com)
[2025-09-13 01:11:18] [SILLY]: [Config]-[Token]-[generateTokens]: Tokens generated successfully for user (admin@example.com)
[2025-09-13 01:11:18] [SILLY]: [Config]-[Token]-[generateTokens]: Refresh token generated successfully for user (admin@example.com)
[2025-09-13 01:11:18] [SILLY]: [User]-[Service]-[updateUser]: Updating user (1)
[2025-09-13 01:11:18] [SILLY]: [User]-[Repository]-[findUserById]: Finding user by id (1)
[2025-09-13 01:11:18] [SILLY]: [User]-[Service]-[updateUser]: User found (1)
[2025-09-13 01:11:18] [SILLY]: [User]-[Repository]-[updateUser]: Updating user (1)
[2025-09-13 01:11:19] [SILLY]: [Auth]-[Controller]-[Login]: User logged in successfully (admin@example.com)
[2025-09-13 01:11:40] [SILLY]: [Auth]-[Middleware]-[RequestAuth]: Token verified successfully
[2025-09-13 01:11:40] [SILLY]: [Product]-[Service]-[getAllProducts]: Fetching all products
[2025-09-13 01:11:41] [SILLY]: [Product]-[ProductRepository]-[findAllProducts]: Retrieved 6 products
[2025-09-13 01:11:52] [SILLY]: [Auth]-[Middleware]-[RequestAuth]: Token verified successfully
[2025-09-13 01:11:52] [SILLY]: [Product]-[Service]-[getProductById]: Fetching product by id (1)
[2025-09-13 01:11:52] [SILLY]: [Product]-[ProductRepository]-[findProductById]: Product retrieved successfully (1)
[2025-09-13 01:12:47] [SILLY]: Request: POST /product - IP: ::1
[2025-09-13 01:13:01] [SILLY]: Request: POST /product - IP: ::1
[2025-09-13 01:13:13] [SILLY]: [Auth]-[Middleware]-[RequestAuth]: Token verified successfully
[2025-09-13 01:13:13] [SILLY]: [Product]-[Service]-[getAllProducts]: Fetching all products
[2025-09-13 01:13:13] [SILLY]: [Product]-[ProductRepository]-[findAllProducts]: Retrieved 6 products
[2025-09-13 01:14:21] [SILLY]: [Auth]-[Middleware]-[RequestAuth]: Token verified successfully
[2025-09-13 01:14:21] [SILLY]: [Product]-[Service]-[getProductById]: Fetching product by id (6)
[2025-09-13 01:14:21] [SILLY]: [Product]-[ProductRepository]-[findProductById]: Product retrieved successfully (6)
[2025-09-13 01:14:30] [SILLY]: [Auth]-[Middleware]-[RequestAuth]: Token verified successfully
[2025-09-13 01:14:30] [SILLY]: [Product]-[Service]-[deleteProductById]: Deleting product by id (6)
[2025-09-13 01:14:30] [SILLY]: [Product]-[Repository]-[deleteProductById]: Deleting product by id (6)
[2025-09-13 01:14:38] [SILLY]: [Auth]-[Middleware]-[RequestAuth]: Token verified successfully
[2025-09-13 01:14:38] [SILLY]: [Product]-[Service]-[getProductById]: Fetching product by id (6)
[2025-09-13 01:14:39] [SILLY]: [Product]-[ProductRepository]-[findProductById]: Product not found (6)
[2025-09-13 01:14:39] [SILLY]: [Product]-[ProductRepository]-[findProductById]: Error occurred - Error: Product not found
[2025-09-13 01:14:39] [SILLY]: [Product]-[Service]-[getProductById]:Error fetching product by id (6) - Error: Error retrieving product
[2025-09-13 01:14:39] [SILLY]: [Product]-[ProductController]-[getProductById]: Error occurred - Error: Error fetching product by id
[2025-09-13 01:14:44] [SILLY]: [Auth]-[Middleware]-[RequestAuth]: Token verified successfully
[2025-09-13 01:14:44] [SILLY]: [Product]-[Service]-[getAllProducts]: Fetching all products
[2025-09-13 01:14:44] [SILLY]: [Product]-[ProductRepository]-[findAllProducts]: Retrieved 5 products
[2025-09-13 01:15:02] [SILLY]: [Auth]-[Middleware]-[RequestAuth]: Token verified successfully
[2025-09-13 01:15:02] [SILLY]: [Product]-[Service]-[getProductById]: Fetching product by id (4)
[2025-09-13 01:15:02] [SILLY]: [Product]-[ProductRepository]-[findProductById]: Product retrieved successfully (4)
[2025-09-13 01:16:18] [SILLY]: [Auth]-[Middleware]-[RequestAuth]: Token verified successfully
[2025-09-13 01:16:18] [SILLY]: [Customer]-[Service]-[getAllCustomers]: Getting all customers
[2025-09-13 01:16:18] [SILLY]: [Customer]-[Repository]-[findAllCustomers]: Finding all customers
[2025-09-13 01:16:18] [SILLY]: [Customer]-[Controller]-[getAllCustomers]: Retrieved all customers
[2025-09-13 01:16:30] [SILLY]: [Auth]-[Middleware]-[RequestAuth]: Token verified successfully
[2025-09-13 01:16:30] [SILLY]: [Customer]-[Service]-[getCustomerById]: Getting customer by id (1)
[2025-09-13 01:16:30] [SILLY]: [Customer]-[Repository]-[findCustomerById]: Finding customer by id (1)
[2025-09-13 01:16:32] [SILLY]: [Customer]-[Controller]-[getCustomerById]: Retrieved customer (1)
[2025-09-13 01:21:38] [SILLY]: Request: POST /product - IP: ::1
[2025-09-13 01:22:14] [SILLY]: Request: POST /product - IP: ::1
[2025-09-13 01:24:08] [SILLY]: [Auth]-[Service]-[loginUser]: Logging in user (admin@example.com)
[2025-09-13 01:24:08] [SILLY]: [User]-[Repository]-[findUserByEmail]: Finding user by email (admin@example.com)
[2025-09-13 01:24:10] [SILLY]: [Config]-[Token]-[generateTokens]: Generating tokens for user (admin@example.com)
[2025-09-13 01:24:10] [SILLY]: [Config]-[Token]-[generateTokens]: Tokens generated successfully for user (admin@example.com)
[2025-09-13 01:24:10] [SILLY]: [Config]-[Token]-[generateTokens]: Refresh token generated successfully for user (admin@example.com)
[2025-09-13 01:24:10] [SILLY]: [User]-[Service]-[updateUser]: Updating user (1)
[2025-09-13 01:24:10] [SILLY]: [User]-[Repository]-[findUserById]: Finding user by id (1)
[2025-09-13 01:24:10] [SILLY]: [User]-[Service]-[updateUser]: User found (1)
[2025-09-13 01:24:10] [SILLY]: [User]-[Repository]-[updateUser]: Updating user (1)
[2025-09-13 01:24:11] [SILLY]: [Auth]-[Controller]-[Login]: User logged in successfully (admin@example.com)
[2025-09-13 01:24:46] [SILLY]: Request: POST /product - IP: ::1
[2025-09-13 01:24:54] [SILLY]: Request: POST /product - IP: ::1
[2025-09-13 01:26:44] [SILLY]: [Auth]-[Service]-[loginUser]: Logging in user (admin@example.com)
[2025-09-13 01:26:44] [SILLY]: [User]-[Repository]-[findUserByEmail]: Finding user by email (admin@example.com)
[2025-09-13 01:26:46] [SILLY]: [Config]-[Token]-[generateTokens]: Generating tokens for user (admin@example.com)
[2025-09-13 01:26:46] [SILLY]: [Config]-[Token]-[generateTokens]: Tokens generated successfully for user (admin@example.com)
[2025-09-13 01:26:46] [SILLY]: [Config]-[Token]-[generateTokens]: Refresh token generated successfully for user (admin@example.com)
[2025-09-13 01:26:46] [SILLY]: [User]-[Service]-[updateUser]: Updating user (1)
[2025-09-13 01:26:46] [SILLY]: [User]-[Repository]-[findUserById]: Finding user by id (1)
[2025-09-13 01:26:46] [SILLY]: [User]-[Service]-[updateUser]: User found (1)
[2025-09-13 01:26:46] [SILLY]: [User]-[Repository]-[updateUser]: Updating user (1)
[2025-09-13 01:26:47] [SILLY]: [Auth]-[Controller]-[Login]: User logged in successfully (admin@example.com)
[2025-09-13 01:27:15] [SILLY]: [Auth]-[Middleware]-[RequestAuth]: Token verified successfully
[2025-09-13 01:27:15] [SILLY]: [Product]-[ProductRepository]-[createProduct]: Product created successfully (7)
[2025-09-13 01:27:15] [SILLY]: [Product]-[Service]-[createProduct]: Product created successfully (7)
[2025-09-13 01:27:29] [SILLY]: [Auth]-[Middleware]-[RequestAuth]: Token verified successfully
[2025-09-13 01:27:29] [SILLY]: [Product]-[Service]-[getAllProducts]: Fetching all products
[2025-09-13 01:27:29] [SILLY]: [Product]-[ProductRepository]-[findAllProducts]: Retrieved 6 products
[2025-09-13 01:36:33] [SILLY]: [Auth]-[Service]-[loginUser]: Logging in user (admin@example.com)
[2025-09-13 01:36:33] [SILLY]: [User]-[Repository]-[findUserByEmail]: Finding user by email (admin@example.com)
[2025-09-13 01:36:35] [SILLY]: [Config]-[Token]-[generateTokens]: Generating tokens for user (admin@example.com)
[2025-09-13 01:36:35] [SILLY]: [Config]-[Token]-[generateTokens]: Tokens generated successfully for user (admin@example.com)
[2025-09-13 01:36:35] [SILLY]: [Config]-[Token]-[generateTokens]: Refresh token generated successfully for user (admin@example.com)
[2025-09-13 01:36:35] [SILLY]: [User]-[Service]-[updateUser]: Updating user (1)
[2025-09-13 01:36:35] [SILLY]: [User]-[Repository]-[findUserById]: Finding user by id (1)
[2025-09-13 01:36:35] [SILLY]: [User]-[Service]-[updateUser]: User found (1)
[2025-09-13 01:36:35] [SILLY]: [User]-[Repository]-[updateUser]: Updating user (1)
[2025-09-13 01:36:35] [SILLY]: [Auth]-[Controller]-[Login]: User logged in successfully (admin@example.com)
[2025-09-13 01:37:13] [SILLY]: [Auth]-[Middleware]-[RequestAuth]: Token verified successfully
[2025-09-13 01:37:13] [SILLY]: [Customer]-[Service]-[createCustomer]: Creating customer (asd@ewxa.com)
[2025-09-13 01:37:13] [SILLY]: [Customer]-[Repository]-[findCustomerByEmail]:Finding customer by email (asd@ewxa.com)
[2025-09-13 01:37:13] [SILLY]: [Customer]-[Repository]-[createCustomer]: Creating customer (asd@ewxa.com)
[2025-09-13 01:37:14] [SILLY]: [Customer]-[Controller]-[createCustomer]: Created new customer ([object Object])
[2025-09-13 01:37:30] [SILLY]: [Auth]-[Middleware]-[RequestAuth]: Token verified successfully
[2025-09-13 01:37:30] [SILLY]: [Customer]-[Service]-[getAllCustomers]: Getting all customers
[2025-09-13 01:37:30] [SILLY]: [Customer]-[Repository]-[findAllCustomers]: Finding all customers
[2025-09-13 01:37:30] [SILLY]: [Customer]-[Controller]-[getAllCustomers]: Retrieved all customers
[2025-09-13 01:37:39] [SILLY]: [Auth]-[Middleware]-[RequestAuth]: Token verified successfully
[2025-09-13 01:37:39] [SILLY]: [Customer]-[Service]-[getCustomerById]: Getting customer by id (3)
[2025-09-13 01:37:39] [SILLY]: [Customer]-[Repository]-[findCustomerById]: Finding customer by id (3)
[2025-09-13 01:37:40] [SILLY]: [Customer]-[Controller]-[getCustomerById]: Retrieved customer (3)
[2025-09-13 01:39:43] [SILLY]: [Auth]-[Middleware]-[RequestAuth]: Token verified successfully
[2025-09-13 01:39:43] [SILLY]: [Customer]-[Service]-[deleteCustomerById]: Deleting customer (3)
[2025-09-13 01:39:43] [SILLY]: [Customer]-[Repository]-[findCustomerById]: Finding customer by id (3)
[2025-09-13 01:39:44] [SILLY]: [Customer]-[Repository]-[deleteCustomerById]: Deleting customer by id (3)
[2025-09-13 01:39:44] [SILLY]: [Customer]-[Service]-[deleteCustomerById]: Deleted customer (3)
[2025-09-13 01:39:44] [SILLY]: [Customer]-[Controller]-[deleteCustomer]: Deleted customer (3)
[2025-09-13 01:39:51] [SILLY]: [Auth]-[Middleware]-[RequestAuth]: Token verified successfully
[2025-09-13 01:39:51] [SILLY]: [Customer]-[Service]-[getAllCustomers]: Getting all customers
[2025-09-13 01:39:51] [SILLY]: [Customer]-[Repository]-[findAllCustomers]: Finding all customers
[2025-09-13 01:39:51] [SILLY]: [Customer]-[Controller]-[getAllCustomers]: Retrieved all customers
[2025-09-13 01:49:04] [SILLY]: [Auth]-[Service]-[loginUser]: Logging in user (admin@example.com)
[2025-09-13 01:49:04] [SILLY]: [User]-[Repository]-[findUserByEmail]: Finding user by email (admin@example.com)
[2025-09-13 01:49:06] [SILLY]: [Config]-[Token]-[generateTokens]: Generating tokens for user (admin@example.com)
[2025-09-13 01:49:06] [SILLY]: [Config]-[Token]-[generateTokens]: Tokens generated successfully for user (admin@example.com)
[2025-09-13 01:49:06] [SILLY]: [Config]-[Token]-[generateTokens]: Refresh token generated successfully for user (admin@example.com)
[2025-09-13 01:49:06] [SILLY]: [User]-[Service]-[updateUser]: Updating user (1)
[2025-09-13 01:49:06] [SILLY]: [User]-[Repository]-[findUserById]: Finding user by id (1)
[2025-09-13 01:49:07] [SILLY]: [User]-[Service]-[updateUser]: User found (1)
[2025-09-13 01:49:07] [SILLY]: [User]-[Repository]-[updateUser]: Updating user (1)
[2025-09-13 01:49:07] [SILLY]: [Auth]-[Controller]-[Login]: User logged in successfully (admin@example.com)
[2025-09-13 01:51:02] [SILLY]: [Auth]-[Middleware]-[RequestAuth]: Token verified successfully
[2025-09-13 01:51:02] [SILLY]: [Customer]-[Service]-[updateCustomer]: Updating customer (2)
[2025-09-13 01:51:02] [SILLY]: [Customer]-[Repository]-[findCustomerById]: Finding customer by id (2)
[2025-09-13 01:51:02] [SILLY]: [Customer]-[Repository]-[updateCustomer]: Updating customer by id (2)
[2025-09-13 01:51:03] [SILLY]: [Customer]-[Controller]-[updateCustomer]: Updated customer (2)
[2025-09-13 01:51:41] [SILLY]: [Auth]-[Middleware]-[RequestAuth]: Token verified successfully
[2025-09-13 01:51:41] [SILLY]: [Customer]-[Service]-[updateCustomer]: Updating customer (2)
[2025-09-13 01:51:41] [SILLY]: [Customer]-[Repository]-[findCustomerById]: Finding customer by id (2)
[2025-09-13 01:51:41] [SILLY]: [Customer]-[Repository]-[updateCustomer]: Updating customer by id (2)
[2025-09-13 01:51:41] [SILLY]: [Customer]-[Controller]-[updateCustomer]: Updated customer (2)
[2025-09-13 01:51:55] [SILLY]: [Auth]-[Middleware]-[RequestAuth]: Token verified successfully
[2025-09-13 01:51:55] [SILLY]: [Product]-[Service]-[getAllProducts]: Fetching all products
[2025-09-13 01:51:55] [SILLY]: [Product]-[ProductRepository]-[findAllProducts]: Retrieved 6 products
[2025-09-13 01:52:15] [SILLY]: [Auth]-[Middleware]-[RequestAuth]: Token verified successfully
[2025-09-13 01:52:15] [SILLY]: [Product]-[Service]-[updateProduct]: Updating product (2)
[2025-09-13 01:52:15] [SILLY]: [Product]-[ProductRepository]-[updateProduct]: Updating product (2)
[2025-09-13 01:52:15] [SILLY]: [Product]-[Service]-[updateProduct]: Product updated successfully (2)
[2025-09-13 03:04:26] [SILLY]: [Auth]-[Middleware]-[RequestAuth]: No token
[2025-09-13 03:04:42] [SILLY]: [Auth]-[Service]-[loginUser]: Logging in user (admin@example.com)
[2025-09-13 03:04:42] [SILLY]: [User]-[Repository]-[findUserByEmail]: Finding user by email (admin@example.com)
[2025-09-13 03:04:44] [SILLY]: [Config]-[Token]-[generateTokens]: Generating tokens for user (admin@example.com)
[2025-09-13 03:04:44] [SILLY]: [Config]-[Token]-[generateTokens]: Tokens generated successfully for user (admin@example.com)
[2025-09-13 03:04:44] [SILLY]: [Config]-[Token]-[generateTokens]: Refresh token generated successfully for user (admin@example.com)
[2025-09-13 03:04:44] [SILLY]: [User]-[Service]-[updateUser]: Updating user (1)
[2025-09-13 03:04:44] [SILLY]: [User]-[Repository]-[findUserById]: Finding user by id (1)
[2025-09-13 03:04:44] [SILLY]: [User]-[Service]-[updateUser]: User found (1)
[2025-09-13 03:04:44] [SILLY]: [User]-[Repository]-[updateUser]: Updating user (1)
[2025-09-13 03:04:45] [SILLY]: [Auth]-[Controller]-[Login]: User logged in successfully (admin@example.com)
[2025-09-13 03:04:57] [SILLY]: [Auth]-[Middleware]-[RequestAuth]: Token verified successfully
[2025-09-13 03:04:57] [SILLY]: [Transaction]-[Service]-[getAllTransactions]: Fetching all transactions
[2025-09-13 03:04:57] [SILLY]: [Transaction]-[Service]-[findAllTransactions]: Fetching all transactions
[2025-09-13 03:05:32] [SILLY]: [Auth]-[Middleware]-[RequestAuth]: Token verified successfully
[2025-09-13 03:05:32] [SILLY]: [Transaction]-[Service]-[findTransactionById]: Fetching transaction (1)
[2025-09-13 03:07:07] [SILLY]: [Auth]-[Middleware]-[RequestAuth]: Token verified successfully
[2025-09-13 03:07:07] [SILLY]: [User]-[Repository]-[findUserById]: Finding user by id (3)
[2025-09-13 03:07:07] [SILLY]: [Transaction]-[Service]-[createTransaction]: Verifying user (3)
[2025-09-13 03:07:07] [SILLY]: [Customer]-[Repository]-[findCustomerById]: Finding customer by id (2)
[2025-09-13 03:07:07] [SILLY]: [Transaction]-[Service]-[createTransaction]: Verifying customer (2)
[2025-09-13 03:07:07] [SILLY]: [Transaction]-[Service]-[createTransaction]: Customer found (2)
[2025-09-13 03:07:08] [SILLY]: [Product]-[ProductRepository]-[createProduct]: Product created successfully (8)
[2025-09-13 03:07:08] [SILLY]: [Product]-[ProductRepository]-[createProduct]: Product created successfully (9)
[2025-09-13 03:07:08] [SILLY]: [Transaction]-[Service]-[createTransaction]: Products processed (2)
[2025-09-13 03:07:08] [SILLY]: [Transaction]-[Service]-[createTransaction]: Creating transaction for user (3) with customer (2) and products (2)
[2025-09-13 03:07:08] [SILLY]: [Transaction]-[Service]-[createTransaction]: Creating transaction for user (3)
[2025-09-13 03:07:09] [SILLY]: [Transaction]-[Service]-[createTransaction]: Transaction created successfully
[2025-09-13 03:07:09] [SILLY]: [Transaction]-[Controller]-[createTransaction]: Transaction created successfully
[2025-09-13 03:07:19] [SILLY]: [Auth]-[Middleware]-[RequestAuth]: Token verified successfully
[2025-09-13 03:07:19] [SILLY]: [Transaction]-[Service]-[findTransactionById]: Fetching transaction (1)
[2025-09-13 03:07:25] [SILLY]: [Auth]-[Middleware]-[RequestAuth]: Token verified successfully
[2025-09-13 03:07:25] [SILLY]: [Transaction]-[Service]-[getAllTransactions]: Fetching all transactions
[2025-09-13 03:07:25] [SILLY]: [Transaction]-[Service]-[findAllTransactions]: Fetching all transactions
[2025-09-13 03:09:57] [SILLY]: [Auth]-[Middleware]-[RequestAuth]: Token verified successfully
[2025-09-13 03:09:57] [SILLY]: [Transaction]-[Controller]-[createTransaction]: No customer information provided
[2025-09-13 03:13:03] [SILLY]: [Auth]-[Middleware]-[RequestAuth]: Token verified successfully
[2025-09-13 03:13:03] [SILLY]: [Customer]-[Service]-[getAllCustomers]: Getting all customers
[2025-09-13 03:13:03] [SILLY]: [Customer]-[Repository]-[findAllCustomers]: Finding all customers
[2025-09-13 03:13:05] [SILLY]: [Customer]-[Controller]-[getAllCustomers]: Retrieved all customers
[2025-09-13 03:13:39] [SILLY]: [Auth]-[Middleware]-[RequestAuth]: Token verified successfully
[2025-09-13 03:13:39] [SILLY]: [Transaction]-[Controller]-[createTransaction]: No customer information provided
[2025-09-13 03:16:59] [SILLY]: [Auth]-[Service]-[loginUser]: Logging in user (admin@example.com)
[2025-09-13 03:16:59] [SILLY]: [User]-[Repository]-[findUserByEmail]: Finding user by email (admin@example.com)
[2025-09-13 03:17:01] [SILLY]: [Config]-[Token]-[generateTokens]: Generating tokens for user (admin@example.com)
[2025-09-13 03:17:01] [SILLY]: [Config]-[Token]-[generateTokens]: Tokens generated successfully for user (admin@example.com)
[2025-09-13 03:17:01] [SILLY]: [Config]-[Token]-[generateTokens]: Refresh token generated successfully for user (admin@example.com)
[2025-09-13 03:17:01] [SILLY]: [User]-[Service]-[updateUser]: Updating user (1)
[2025-09-13 03:17:01] [SILLY]: [User]-[Repository]-[findUserById]: Finding user by id (1)
[2025-09-13 03:17:01] [SILLY]: [User]-[Service]-[updateUser]: User found (1)
[2025-09-13 03:17:01] [SILLY]: [User]-[Repository]-[updateUser]: Updating user (1)
[2025-09-13 03:17:01] [SILLY]: [Auth]-[Controller]-[Login]: User logged in successfully (admin@example.com)
[2025-09-13 03:17:35] [SILLY]: [Auth]-[Middleware]-[RequestAuth]: Token verified successfully
[2025-09-13 03:17:35] [SILLY]: [User]-[Repository]-[findUserById]: Finding user by id (1)
[2025-09-13 03:17:36] [SILLY]: [Transaction]-[Service]-[createTransaction]: Verifying user (1)
[2025-09-13 03:17:36] [SILLY]: [Customer]-[Repository]-[findCustomerById]: Finding customer by id (1)
[2025-09-13 03:17:36] [SILLY]: [Transaction]-[Service]-[createTransaction]: Verifying customer (1)
[2025-09-13 03:17:36] [SILLY]: [Transaction]-[Service]-[createTransaction]: Customer found (1)
[2025-09-13 03:17:36] [SILLY]: [Product]-[ProductRepository]-[createProduct]:Product create failed - PrismaClientKnownRequestError: 
Invalid `prisma.product.create()` invocation:


Foreign key constraint violated on the constraint: `Product_productTypeId_fkey`
[2025-09-13 03:17:36] [SILLY]: [Transaction]-[Service]-[createTransaction]: Error creating transaction - Error: Error creating product
[2025-09-13 03:18:58] [SILLY]: [Auth]-[Service]-[loginUser]: Logging in user (admin@example.com)
[2025-09-13 03:18:58] [SILLY]: [User]-[Repository]-[findUserByEmail]: Finding user by email (admin@example.com)
[2025-09-13 03:18:59] [SILLY]: [Config]-[Token]-[generateTokens]: Generating tokens for user (admin@example.com)
[2025-09-13 03:18:59] [SILLY]: [Config]-[Token]-[generateTokens]: Tokens generated successfully for user (admin@example.com)
[2025-09-13 03:18:59] [SILLY]: [Config]-[Token]-[generateTokens]: Refresh token generated successfully for user (admin@example.com)
[2025-09-13 03:18:59] [SILLY]: [User]-[Service]-[updateUser]: Updating user (1)
[2025-09-13 03:18:59] [SILLY]: [User]-[Repository]-[findUserById]: Finding user by id (1)
[2025-09-13 03:18:59] [SILLY]: [User]-[Service]-[updateUser]: User found (1)
[2025-09-13 03:18:59] [SILLY]: [User]-[Repository]-[updateUser]: Updating user (1)
[2025-09-13 03:18:59] [SILLY]: [Auth]-[Controller]-[Login]: User logged in successfully (admin@example.com)
[2025-09-13 03:19:11] [SILLY]: [Auth]-[Middleware]-[RequestAuth]: Token verified successfully
[2025-09-13 03:19:11] [SILLY]: [User]-[Repository]-[findUserById]: Finding user by id (1)
[2025-09-13 03:19:11] [SILLY]: [Transaction]-[Service]-[createTransaction]: Verifying user (1)
[2025-09-13 03:19:11] [SILLY]: [Customer]-[Repository]-[findCustomerById]: Finding customer by id (1)
[2025-09-13 03:19:11] [SILLY]: [Transaction]-[Service]-[createTransaction]: Verifying customer (1)
[2025-09-13 03:19:11] [SILLY]: [Transaction]-[Service]-[createTransaction]: Customer found (1)
[2025-09-13 03:19:11] [SILLY]: [Product]-[ProductRepository]-[createProduct]: Product created successfully (11)
[2025-09-13 03:19:11] [SILLY]: [Transaction]-[Service]-[createTransaction]: Products processed (1)
[2025-09-13 03:19:11] [SILLY]: [Transaction]-[Service]-[createTransaction]: Creating transaction for user (1) with customer (1) and products (1)
[2025-09-13 03:19:11] [SILLY]: [Transaction]-[Service]-[createTransaction]: Creating transaction for user (1)
[2025-09-13 03:19:12] [SILLY]: [Transaction]-[Service]-[createTransaction]: Transaction created successfully
[2025-09-13 03:19:12] [SILLY]: [Transaction]-[Controller]-[createTransaction]: Transaction created successfully
[2025-09-13 03:21:05] [SILLY]: [Auth]-[Middleware]-[RequestAuth]: Token verified successfully
[2025-09-13 03:21:05] [SILLY]: [User]-[Repository]-[findUserById]: Finding user by id (2)
[2025-09-13 03:21:05] [SILLY]: [Transaction]-[Service]-[createTransaction]: Verifying user (2)
[2025-09-13 03:21:05] [SILLY]: [Customer]-[Repository]-[findCustomerById]: Finding customer by id (undefined)
[2025-09-13 03:21:05] [SILLY]: [Customer]-[Repository]-[findCustomerById]: Error finding customer by id (undefined) - PrismaClientValidationError: 
Invalid `prisma.customer.findUnique()` invocation:

{
  where: {
    id: undefined,
?   email?: String,
?   AND?: CustomerWhereInput | CustomerWhereInput[],
?   OR?: CustomerWhereInput[],
?   NOT?: CustomerWhereInput | CustomerWhereInput[],
?   nameSurname?: StringFilter | String,
?   phone?: StringNullableFilter | String | Null,
?   createdAt?: DateTimeFilter | DateTime,
?   address?: StringNullableFilter | String | Null,
?   customerTypeId?: IntFilter | Int,
?   userId?: IntFilter | Int,
?   customerType?: CustomerTypeScalarRelationFilter | CustomerTypeWhereInput,
?   user?: UserScalarRelationFilter | UserWhereInput,
?   transactions?: TransactionListRelationFilter
  }
}

Argument `where` of type CustomerWhereUniqueInput needs at least one of `id` or `email` arguments. Available options are marked with ?.
[2025-09-13 03:21:05] [SILLY]: [Transaction]-[Service]-[createTransaction]: Verifying customer (undefined)
[2025-09-13 03:21:05] [SILLY]: [Transaction]-[Service]-[createTransaction]: Customer not found (undefined)
[2025-09-13 03:21:05] [SILLY]: [Customer]-[Repository]-[createCustomer]: Creating customer (ait@gd.com)
[2025-09-13 03:21:05] [SILLY]: [Transaction]-[Service]-[createTransaction]: Creating new customer
[2025-09-13 03:21:05] [SILLY]: [Transaction]-[Service]-[createTransaction]: Customer created (4)
[2025-09-13 03:21:05] [SILLY]: [Product]-[ProductRepository]-[createProduct]: Product created successfully (12)
[2025-09-13 03:21:05] [SILLY]: [Transaction]-[Service]-[createTransaction]: Products processed (1)
[2025-09-13 03:21:05] [SILLY]: [Transaction]-[Service]-[createTransaction]: Creating transaction for user (2) with customer (4) and products (1)
[2025-09-13 03:21:05] [SILLY]: [Transaction]-[Service]-[createTransaction]: Creating transaction for user (2)
[2025-09-13 03:21:06] [SILLY]: [Transaction]-[Service]-[createTransaction]: Transaction created successfully
[2025-09-13 03:21:06] [SILLY]: [Transaction]-[Controller]-[createTransaction]: Transaction created successfully
